[    0.000000] Linux version 4.15.0-74-generic (buildd@lcy01-amd64-022) (gcc version 7.4.0 (Ubuntu 7.4.0-1ubuntu1~18.04.1)) #84-Ubuntu SMP Thu Dec 19 08:06:28 UTC 2019 (Ubuntu 4.15.0-74.84-generic 4.15.18)
[    0.000000] Command line: BOOT_IMAGE=/boot/vmlinuz-4.15.0-74-generic root=LABEL=cloudimg-rootfs ro console=tty1 console=ttyS0
[    0.000000] KERNEL supported cpus:
[    0.000000]   Intel GenuineIntel
[    0.000000]   AMD AuthenticAMD
[    0.000000]   Centaur CentaurHauls
[    0.000000] x86/fpu: Supporting XSAVE feature 0x001: 'x87 floating point registers'
[    0.000000] x86/fpu: Supporting XSAVE feature 0x002: 'SSE registers'
[    0.000000] x86/fpu: Supporting XSAVE feature 0x004: 'AVX registers'
[    0.000000] x86/fpu: xstate_offset[2]:  576, xstate_sizes[2]:  256
[    0.000000] x86/fpu: Enabled xstate features 0x7, context size is 832 bytes, using 'standard' format.
[    0.000000] e820: BIOS-provided physical RAM map:
[    0.000000] BIOS-e820: [mem 0x0000000000000000-0x000000000009fbff] usable
[    0.000000] BIOS-e820: [mem 0x000000000009fc00-0x000000000009ffff] reserved
[    0.000000] BIOS-e820: [mem 0x00000000000f0000-0x00000000000fffff] reserved
[    0.000000] BIOS-e820: [mem 0x0000000000100000-0x000000003ffeffff] usable
[    0.000000] BIOS-e820: [mem 0x000000003fff0000-0x000000003fffffff] ACPI data
[    0.000000] BIOS-e820: [mem 0x00000000fec00000-0x00000000fec00fff] reserved
[    0.000000] BIOS-e820: [mem 0x00000000fee00000-0x00000000fee00fff] reserved
[    0.000000] BIOS-e820: [mem 0x00000000fffc0000-0x00000000ffffffff] reserved
[    0.000000] NX (Execute Disable) protection: active
[    0.000000] SMBIOS 2.5 present.
[    0.000000] DMI: innotek GmbH VirtualBox/VirtualBox, BIOS VirtualBox 12/01/2006
[    0.000000] Hypervisor detected: KVM
[    0.000000] e820: last_pfn = 0x3fff0 max_arch_pfn = 0x400000000
[    0.000000] MTRR: Disabled
[    0.000000] x86/PAT: MTRRs disabled, skipping PAT initialization too.
[    0.000000] CPU MTRRs all blank - virtualized system.
[    0.000000] x86/PAT: Configuration [0-7]: WB  WT  UC- UC  WB  WT  UC- UC  
[    0.000000] found SMP MP-table at [mem 0x0009fff0-0x0009ffff]
[    0.000000] Scanning 1 areas for low memory corruption
[    0.000000] RAMDISK: [mem 0x35a6b000-0x36d2cfff]
[    0.000000] ACPI: Early table checksum verification disabled
[    0.000000] ACPI: RSDP 0x00000000000E0000 000024 (v02 VBOX  )
[    0.000000] ACPI: XSDT 0x000000003FFF0030 00003C (v01 VBOX   VBOXXSDT 00000001 ASL  00000061)
[    0.000000] ACPI: FACP 0x000000003FFF00F0 0000F4 (v04 VBOX   VBOXFACP 00000001 ASL  00000061)
[    0.000000] ACPI: DSDT 0x000000003FFF0470 0022E9 (v02 VBOX   VBOXBIOS 00000002 INTL 20180105)
[    0.000000] ACPI: FACS 0x000000003FFF0200 000040
[    0.000000] ACPI: FACS 0x000000003FFF0200 000040
[    0.000000] ACPI: APIC 0x000000003FFF0240 00005C (v02 VBOX   VBOXAPIC 00000001 ASL  00000061)
[    0.000000] ACPI: SSDT 0x000000003FFF02A0 0001CC (v01 VBOX   VBOXCPUT 00000002 INTL 20180105)
[    0.000000] No NUMA configuration found
[    0.000000] Faking a node at [mem 0x0000000000000000-0x000000003ffeffff]
[    0.000000] NODE_DATA(0) allocated [mem 0x3ffc5000-0x3ffeffff]
[    0.000000] kvm-clock: cpu 0, msr 0:3ff44001, primary cpu clock
[    0.000000] kvm-clock: Using msrs 4b564d01 and 4b564d00
[    0.000000] kvm-clock: using sched offset of 3415126316 cycles
[    0.000000] clocksource: kvm-clock: mask: 0xffffffffffffffff max_cycles: 0x1cd42e4dffb, max_idle_ns: 881590591483 ns
[    0.000000] Zone ranges:
[    0.000000]   DMA      [mem 0x0000000000001000-0x0000000000ffffff]
[    0.000000]   DMA32    [mem 0x0000000001000000-0x000000003ffeffff]
[    0.000000]   Normal   empty
[    0.000000]   Device   empty
[    0.000000] Movable zone start for each node
[    0.000000] Early memory node ranges
[    0.000000]   node   0: [mem 0x0000000000001000-0x000000000009efff]
[    0.000000]   node   0: [mem 0x0000000000100000-0x000000003ffeffff]
[    0.000000] Reserved but unavailable: 98 pages
[    0.000000] Initmem setup node 0 [mem 0x0000000000001000-0x000000003ffeffff]
[    0.000000] ACPI: PM-Timer IO Port: 0x4008
[    0.000000] IOAPIC[0]: apic_id 2, version 32, address 0xfec00000, GSI 0-23
[    0.000000] ACPI: INT_SRC_OVR (bus 0 bus_irq 0 global_irq 2 dfl dfl)
[    0.000000] ACPI: INT_SRC_OVR (bus 0 bus_irq 9 global_irq 9 low level)
[    0.000000] Using ACPI (MADT) for SMP configuration information
[    0.000000] smpboot: Allowing 2 CPUs, 0 hotplug CPUs
[    0.000000] PM: Registered nosave memory: [mem 0x00000000-0x00000fff]
[    0.000000] PM: Registered nosave memory: [mem 0x0009f000-0x0009ffff]
[    0.000000] PM: Registered nosave memory: [mem 0x000a0000-0x000effff]
[    0.000000] PM: Registered nosave memory: [mem 0x000f0000-0x000fffff]
[    0.000000] e820: [mem 0x40000000-0xfebfffff] available for PCI devices
[    0.000000] Booting paravirtualized kernel on KVM
[    0.000000] clocksource: refined-jiffies: mask: 0xffffffff max_cycles: 0xffffffff, max_idle_ns: 7645519600211568 ns
[    0.000000] random: get_random_bytes called from start_kernel+0x99/0x4fd with crng_init=0
[    0.000000] setup_percpu: NR_CPUS:8192 nr_cpumask_bits:2 nr_cpu_ids:2 nr_node_ids:1
[    0.000000] percpu: Embedded 45 pages/cpu s147456 r8192 d28672 u1048576
[    0.000000] PV qspinlock hash table entries: 256 (order: 0, 4096 bytes)
[    0.000000] Built 1 zonelists, mobility grouping on.  Total pages: 257913
[    0.000000] Policy zone: DMA32
[    0.000000] Kernel command line: BOOT_IMAGE=/boot/vmlinuz-4.15.0-74-generic root=LABEL=cloudimg-rootfs ro console=tty1 console=ttyS0
[    0.000000] Memory: 983072K/1048120K available (12300K kernel code, 2481K rwdata, 4260K rodata, 2428K init, 2704K bss, 65048K reserved, 0K cma-reserved)
[    0.000000] SLUB: HWalign=64, Order=0-3, MinObjects=0, CPUs=2, Nodes=1
[    0.000000] Kernel/User page tables isolation: enabled
[    0.000000] ftrace: allocating 39322 entries in 154 pages
[    0.004000] Hierarchical RCU implementation.
[    0.004000] 	RCU restricting CPUs from NR_CPUS=8192 to nr_cpu_ids=2.
[    0.004000] 	Tasks RCU enabled.
[    0.004000] RCU: Adjusting geometry for rcu_fanout_leaf=16, nr_cpu_ids=2
[    0.004000] NR_IRQS: 524544, nr_irqs: 440, preallocated irqs: 16
[    0.004000] Console: colour VGA+ 80x25
[    0.004000] console [tty1] enabled
[    0.004000] console [ttyS0] enabled
[    0.004000] ACPI: Core revision 20170831
[    0.004000] ACPI: 2 ACPI AML tables successfully acquired and loaded
[    0.004000] APIC: Switch to symmetric I/O mode setup
[    0.004000] x2apic enabled
[    0.004000] Switched APIC routing to physical x2apic.
[    0.004000] ..TIMER: vector=0x30 apic1=0 pin1=2 apic2=-1 pin2=-1
[    0.004000] tsc: Detected 3338.838 MHz processor
[    0.004010] Calibrating delay loop (skipped) preset value.. 6677.67 BogoMIPS (lpj=13355352)
[    0.005010] pid_max: default: 32768 minimum: 301
[    0.005617] Security Framework initialized
[    0.006110] Yama: becoming mindful.
[    0.006556] AppArmor: AppArmor initialized
[    0.007500] Dentry cache hash table entries: 131072 (order: 8, 1048576 bytes)
[    0.008063] Inode-cache hash table entries: 65536 (order: 7, 524288 bytes)
[    0.008880] Mount-cache hash table entries: 2048 (order: 2, 16384 bytes)
[    0.009722] Mountpoint-cache hash table entries: 2048 (order: 2, 16384 bytes)
[    0.010731] Last level iTLB entries: 4KB 128, 2MB 8, 4MB 8
[    0.011366] Last level dTLB entries: 4KB 64, 2MB 0, 4MB 0, 1GB 4
[    0.012003] Spectre V1 : Mitigation: usercopy/swapgs barriers and __user pointer sanitization
[    0.012975] Spectre V2 : Mitigation: Full generic retpoline
[    0.013686] Spectre V2 : Spectre v2 / SpectreRSB mitigation: Filling RSB on context switch
[    0.014677] Speculative Store Bypass: Vulnerable
[    0.015263] MDS: Mitigation: Clear CPU buffers
[    0.016142] Freeing SMP alternatives memory: 36K
[    0.124003] APIC calibration not consistent with PM-Timer: 97ms instead of 100ms
[    0.125074] APIC delta adjusted to PM-Timer: 6249659 (6111660)
[    0.125878] smpboot: CPU0: Intel(R) Core(TM) i5-7500 CPU @ 3.40GHz (family: 0x6, model: 0x9e, stepping: 0x9)
[    0.127131] Performance Events: unsupported p6 CPU model 158 no PMU driver, software events only.
[    0.128000] Hierarchical SRCU implementation.
[    0.128000] NMI watchdog: Perf event create on CPU 0 failed with -2
[    0.128000] NMI watchdog: Perf NMI watchdog permanently disabled
[    0.128044] smp: Bringing up secondary CPUs ...
[    0.128683] x86: Booting SMP configuration:
[    0.129193] .... node  #0, CPUs:      #1
[    0.004000] kvm-clock: cpu 1, msr 0:3ff44041, secondary cpu clock
[    0.152022] smp: Brought up 1 node, 2 CPUs
[    0.152513] smpboot: Max logical packages: 1
[    0.153025] smpboot: Total of 2 processors activated (13355.35 BogoMIPS)
[    0.153926] devtmpfs: initialized
[    0.156084] x86/mm: Memory block size: 128MB
[    0.156745] evm: security.selinux
[    0.157185] evm: security.SMACK64
[    0.157604] evm: security.SMACK64EXEC
[    0.158121] evm: security.SMACK64TRANSMUTE
[    0.158614] evm: security.SMACK64MMAP
[    0.159111] evm: security.apparmor
[    0.159533] evm: security.ima
[    0.159932] evm: security.capability
[    0.160084] clocksource: jiffies: mask: 0xffffffff max_cycles: 0xffffffff, max_idle_ns: 7645041785100000 ns
[    0.161114] futex hash table entries: 512 (order: 3, 32768 bytes)
[    0.162277] pinctrl core: initialized pinctrl subsystem
[    0.163025] RTC time:  8:56:09, date: 01/28/20
[    0.164093] NET: Registered protocol family 16
[    0.164779] audit: initializing netlink subsys (disabled)
[    0.165439] audit: type=2000 audit(1580201774.861:1): state=initialized audit_enabled=0 res=1
[    0.168036] cpuidle: using governor ladder
[    0.169479] cpuidle: using governor menu
[    0.172052] ACPI: bus type PCI registered
[    0.176002] acpiphp: ACPI Hot Plug PCI Controller Driver version: 0.5
[    0.176809] PCI: Using configuration type 1 for base access
[    0.177479] HugeTLB registered 2.00 MiB page size, pre-allocated 0 pages
[    0.177479] ACPI: Added _OSI(Module Device)
[    0.180008] ACPI: Added _OSI(Processor Device)
[    0.180622] ACPI: Added _OSI(3.0 _SCP Extensions)
[    0.181211] ACPI: Added _OSI(Processor Aggregator Device)
[    0.181863] ACPI: Added _OSI(Linux-Dell-Video)
[    0.182388] ACPI: Added _OSI(Linux-Lenovo-NV-HDMI-Audio)
[    0.182997] ACPI: Added _OSI(Linux-HPI-Hybrid-Graphics)
[    0.184026] ACPI: Executed 1 blocks of module-level executable AML code
[    0.187244] ACPI: Interpreter enabled
[    0.187742] ACPI: (supports S0 S5)
[    0.188002] ACPI: Using IOAPIC for interrupt routing
[    0.188775] PCI: Using host bridge windows from ACPI; if necessary, use "pci=nocrs" and report a bug
[    0.190082] ACPI: Enabled 2 GPEs in block 00 to 07
[    0.195068] ACPI: PCI Root Bridge [PCI0] (domain 0000 [bus 00-ff])
[    0.196000] acpi PNP0A03:00: _OSC: OS supports [ASPM ClockPM Segments MSI]
[    0.196000] acpi PNP0A03:00: _OSC: not requesting OS control; OS requires [ExtendedConfig ASPM ClockPM MSI]
[    0.196009] acpi PNP0A03:00: fail to add MMCONFIG information, can't access extended PCI configuration space under this bridge.
[    0.200241] PCI host bridge to bus 0000:00
[    0.200735] pci_bus 0000:00: root bus resource [io  0x0000-0x0cf7 window]
[    0.201532] pci_bus 0000:00: root bus resource [io  0x0d00-0xffff window]
[    0.202326] pci_bus 0000:00: root bus resource [mem 0x000a0000-0x000bffff window]
[    0.204002] pci_bus 0000:00: root bus resource [mem 0x40000000-0xfdffffff window]
[    0.204876] pci_bus 0000:00: root bus resource [bus 00-ff]
[    0.206828] pci 0000:00:01.1: legacy IDE quirk: reg 0x10: [io  0x01f0-0x01f7]
[    0.207660] pci 0000:00:01.1: legacy IDE quirk: reg 0x14: [io  0x03f6]
[    0.208002] pci 0000:00:01.1: legacy IDE quirk: reg 0x18: [io  0x0170-0x0177]
[    0.208795] pci 0000:00:01.1: legacy IDE quirk: reg 0x1c: [io  0x0376]
[    0.220857] pci 0000:00:07.0: quirk: [io  0x4000-0x403f] claimed by PIIX4 ACPI
[    0.221877] pci 0000:00:07.0: quirk: [io  0x4100-0x410f] claimed by PIIX4 SMB
[    0.226205] ACPI: PCI Interrupt Link [LNKA] (IRQs 5 9 10 *11)
[    0.227198] ACPI: PCI Interrupt Link [LNKB] (IRQs 5 9 *10 11)
[    0.228084] ACPI: PCI Interrupt Link [LNKC] (IRQs 5 *9 10 11)
[    0.228820] ACPI: PCI Interrupt Link [LNKD] (IRQs 5 9 10 *11)
[    0.229771] SCSI subsystem initialized
[    0.230277] pci 0000:00:02.0: vgaarb: setting as boot VGA device
[    0.230277] pci 0000:00:02.0: vgaarb: VGA device added: decodes=io+mem,owns=io+mem,locks=none
[    0.232008] pci 0000:00:02.0: vgaarb: bridge control possible
[    0.232684] vgaarb: loaded
[    0.233060] ACPI: bus type USB registered
[    0.233560] usbcore: registered new interface driver usbfs
[    0.234202] usbcore: registered new interface driver hub
[    0.234831] usbcore: registered new device driver usb
[    0.235505] EDAC MC: Ver: 3.0.0
[    0.236053] PCI: Using ACPI for IRQ routing
[    0.236732] NetLabel: Initializing
[    0.237159] NetLabel:  domain hash size = 128
[    0.237716] NetLabel:  protocols = UNLABELED CIPSOv4 CALIPSO
[    0.238400] NetLabel:  unlabeled traffic allowed by default
[    0.240057] clocksource: Switched to clocksource kvm-clock
[    0.248775] VFS: Disk quotas dquot_6.6.0
[    0.249310] VFS: Dquot-cache hash table entries: 512 (order 0, 4096 bytes)
[    0.250146] AppArmor: AppArmor Filesystem Enabled
[    0.250726] pnp: PnP ACPI init
[    0.251850] pnp: PnP ACPI: found 3 devices
[    0.259729] clocksource: acpi_pm: mask: 0xffffff max_cycles: 0xffffff, max_idle_ns: 2085701024 ns
[    0.260984] NET: Registered protocol family 2
[    0.261633] TCP established hash table entries: 8192 (order: 4, 65536 bytes)
[    0.262464] TCP bind hash table entries: 8192 (order: 5, 131072 bytes)
[    0.263603] TCP: Hash tables configured (established 8192 bind 8192)
[    0.264357] UDP hash table entries: 512 (order: 2, 16384 bytes)
[    0.265031] UDP-Lite hash table entries: 512 (order: 2, 16384 bytes)
[    0.265766] NET: Registered protocol family 1
[    0.266288] pci 0000:00:00.0: Limiting direct PCI/PCI transfers
[    0.266978] pci 0000:00:01.0: Activating ISA DMA hang workarounds
[    0.267697] pci 0000:00:02.0: Video device with shadowed ROM at [mem 0x000c0000-0x000dffff]
[    0.268730] Unpacking initramfs...
[    0.475024] Freeing initrd memory: 19208K
[    0.475731] clocksource: tsc: mask: 0xffffffffffffffff max_cycles: 0x30209cf99f7, max_idle_ns: 440795267836 ns
[    0.477013] platform rtc_cmos: registered platform RTC device (no PNP device found)
[    0.477916] Scanning for low memory corruption every 60 seconds
[    0.479043] Initialise system trusted keyrings
[    0.479586] Key type blacklist registered
[    0.480123] workingset: timestamp_bits=36 max_order=18 bucket_order=0
[    0.481612] zbud: loaded
[    0.482320] squashfs: version 4.0 (2009/01/31) Phillip Lougher
[    0.483104] fuse init (API version 7.26)
[    0.485471] Key type asymmetric registered
[    0.485963] Asymmetric key parser 'x509' registered
[    0.486548] Block layer SCSI generic (bsg) driver version 0.4 loaded (major 246)
[    0.487467] io scheduler noop registered
[    0.487959] io scheduler deadline registered
[    0.488535] io scheduler cfq registered (default)
[    0.489275] ACPI: AC Adapter [AC] (on-line)
[    0.489814] input: Power Button as /devices/LNXSYSTM:00/LNXPWRBN:00/input/input0
[    0.490706] ACPI: Power Button [PWRF]
[    0.491202] input: Sleep Button as /devices/LNXSYSTM:00/LNXSLPBN:00/input/input1
[    0.492112] ACPI: Sleep Button [SLPF]
[    0.492789] Serial: 8250/16550 driver, 32 ports, IRQ sharing enabled
[    0.514512] 00:02: ttyS0 at I/O 0x3f8 (irq = 4, base_baud = 115200) is a 16550A
[    0.517138] Linux agpgart interface v0.103
[    0.518633] loop: module loaded
[    0.519395] scsi host0: ata_piix
[    0.519879] scsi host1: ata_piix
[    0.520384] ata1: PATA max UDMA/33 cmd 0x1f0 ctl 0x3f6 bmdma 0xd000 irq 14
[    0.521153] ata2: PATA max UDMA/33 cmd 0x170 ctl 0x376 bmdma 0xd008 irq 15
[    0.522173] libphy: Fixed MDIO Bus: probed
[    0.522792] tun: Universal TUN/TAP device driver, 1.6
[    0.523423] PPP generic driver version 2.4.2
[    0.523985] ehci_hcd: USB 2.0 'Enhanced' Host Controller (EHCI) Driver
[    0.525799] ehci-pci: EHCI PCI platform driver
[    0.527236] ehci-platform: EHCI generic platform driver
[    0.528358] ohci_hcd: USB 1.1 'Open' Host Controller (OHCI) Driver
[    0.529101] ohci-pci: OHCI PCI platform driver
[    0.529631] ohci-platform: OHCI generic platform driver
[    0.530236] uhci_hcd: USB Universal Host Controller Interface driver
[    0.530983] i8042: PNP: PS/2 Controller [PNP0303:PS2K,PNP0f03:PS2M] at 0x60,0x64 irq 1,12
[    0.532332] serio: i8042 KBD port at 0x60,0x64 irq 1
[    0.532967] serio: i8042 AUX port at 0x60,0x64 irq 12
[    0.533651] mousedev: PS/2 mouse device common for all mice
[    0.534631] input: AT Translated Set 2 keyboard as /devices/platform/i8042/serio0/input/input2
[    0.535783] rtc_cmos rtc_cmos: rtc core: registered rtc_cmos as rtc0
[    0.536582] rtc_cmos rtc_cmos: alarms up to one day, 114 bytes nvram
[    0.537320] i2c /dev entries driver
[    0.537783] device-mapper: uevent: version 1.0.3
[    0.538389] device-mapper: ioctl: 4.37.0-ioctl (2017-09-20) initialised: dm-devel@redhat.com
[    0.539382] ledtrig-cpu: registered to indicate activity on CPUs
[    0.540370] NET: Registered protocol family 10
[    0.543488] Segment Routing with IPv6
[    0.543950] NET: Registered protocol family 17
[    0.544570] Key type dns_resolver registered
[    0.545242] mce: Using 0 MCE banks
[    0.545675] RAS: Correctable Errors collector initialized.
[    0.546316] sched_clock: Marking stable (545219629, 0)->(679363983, -134144354)
[    0.547448] registered taskstats version 1
[    0.547950] Loading compiled-in X.509 certificates
[    0.550323] Loaded X.509 cert 'Build time autogenerated kernel key: 62d24f9c726e026b112735485dad6e6e4b50c923'
[    0.552843] zswap: loaded using pool lzo/zbud
[    0.557018] Key type big_key registered
[    0.557562] Key type trusted registered
[    0.559432] Key type encrypted registered
[    0.559923] AppArmor: AppArmor sha1 policy hashing enabled
[    0.560628] ima: No TPM chip found, activating TPM-bypass! (rc=-19)
[    0.561387] ima: Allocated hash algorithm: sha1
[    0.561929] evm: HMAC attrs: 0x1
[    0.562480]   Magic number: 4:810:928
[    0.562996] rtc_cmos rtc_cmos: setting system clock to 2020-01-28 08:56:10 UTC (1580201770)
[    0.564023] BIOS EDD facility v0.16 2004-Jun-25, 0 devices found
[    0.564774] EDD information not available.
[    0.687734] Freeing unused kernel image memory: 2428K
[    0.700093] Write protecting the kernel read-only data: 20480k
[    0.702808] Freeing unused kernel image memory: 2008K
[    0.704996] Freeing unused kernel image memory: 1884K
[    0.717057] x86/mm: Checked W+X mappings: passed, no W+X pages found.
[    0.718812] x86/mm: Checking user space page tables
[    0.729696] x86/mm: Checked W+X mappings: passed, no W+X pages found.
Loading, please wait...
starting version 237
[    0.792175] e1000: Intel(R) PRO/1000 Network Driver - version 7.3.21-k8-NAPI
[    0.793196] e1000: Copyright (c) 1999-2006 Intel Corporation.
[    0.795943] Fusion MPT base driver 3.04.20
[    0.796477] Copyright (c) 1999-2008 LSI Corporation
[    0.808373] Fusion MPT SPI Host driver 3.04.20
[    0.812159] AVX2 version of gcm_enc/dec engaged.
[    0.812875] AES CTR mode by8 optimization enabled
[    1.001183] input: ImExPS/2 Generic Explorer Mouse as /devices/platform/i8042/serio1/input/input4
[    1.163261] e1000 0000:00:03.0 eth0: (PCI:33MHz:32-bit) 02:6f:f9:1e:39:dc
[    1.164079] e1000 0000:00:03.0 eth0: Intel(R) PRO/1000 Network Connection
[    1.165573] mptbase: ioc0: Initiating bringup
[    1.165632] e1000 0000:00:03.0 enp0s3: renamed from eth0
[    1.270316] ioc0: LSI53C1030 A0: Capabilities={Initiator}
[    1.905244] scsi host2: ioc0: LSI53C1030 A0, FwRev=00000000h, Ports=1, MaxQ=256, IRQ=20
[    2.455369] scsi 2:0:0:0: Direct-Access     VBOX     HARDDISK         1.0  PQ: 0 ANSI: 5
[    2.492215] scsi target2:0:0: Beginning Domain Validation
[    2.495938] scsi target2:0:0: Domain Validation skipping write tests
[    2.497786] scsi target2:0:0: Ending Domain Validation
[    2.499377] scsi target2:0:0: asynchronous
[    2.500765] scsi 2:0:1:0: Direct-Access     VBOX     HARDDISK         1.0  PQ: 0 ANSI: 5
[    2.532200] scsi target2:0:1: Beginning Domain Validation
[    2.535681] random: fast init done
[    2.535687] scsi target2:0:1: Domain Validation skipping write tests
[    2.538409] scsi target2:0:1: Ending Domain Validation
[    2.539977] scsi target2:0:1: asynchronous
[    2.547287] random: systemd-udevd: uninitialized urandom read (16 bytes read)
[    2.549481] random: systemd-udevd: uninitialized urandom read (16 bytes read)
[    2.551463] random: systemd-udevd: uninitialized urandom read (16 bytes read)
[    2.554008] sd 2:0:0:0: [sda] 20971520 512-byte logical blocks: (10.7 GB/10.0 GiB)
[    2.554157] sd 2:0:0:0: Attached scsi generic sg0 type 0
[    2.556289] sd 2:0:0:0: [sda] Write Protect is off
[    2.562033] sd 2:0:1:0: [sdb] 20480 512-byte logical blocks: (10.5 MB/10.0 MiB)
[    2.562230] sd 2:0:0:0: [sda] Incomplete mode parameter data
[    2.564439] sd 2:0:1:0: Attached scsi generic sg1 type 0
[    2.565909] sd 2:0:0:0: [sda] Assuming drive cache: write through
[    2.567362] sd 2:0:1:0: [sdb] Write Protect is off
[    2.570766] sd 2:0:1:0: [sdb] Incomplete mode parameter data
[    2.571987] sd 2:0:1:0: [sdb] Assuming drive cache: write through
[    2.644116]  sda: sda1
[    2.646210] sd 2:0:0:0: [sda] Attached SCSI disk
[    2.665879] sd 2:0:1:0: [sdb] Attached SCSI disk
Begin: Loading essential drivers ... [    4.080549] raid6: sse2x1   gen() 12711 MB/s
[    4.128137] raid6: sse2x1   xor()  9342 MB/s
[    4.176133] raid6: sse2x2   gen() 16222 MB/s
[    4.224131] raid6: sse2x2   xor() 10783 MB/s
[    4.272134] raid6: sse2x4   gen() 18692 MB/s
[    4.320130] raid6: sse2x4   xor() 11308 MB/s
[    4.368134] raid6: avx2x1   gen() 25816 MB/s
[    4.416134] raid6: avx2x1   xor() 18163 MB/s
[    4.464132] raid6: avx2x2   gen() 32700 MB/s
[    4.512133] raid6: avx2x2   xor() 19951 MB/s
[    4.560135] raid6: avx2x4   gen() 36403 MB/s
[    4.608145] raid6: avx2x4   xor() 22084 MB/s
[    4.608705] raid6: using algorithm avx2x4 gen() 36403 MB/s
[    4.609385] raid6: .... xor() 22084 MB/s, rmw enabled
[    4.610029] raid6: using avx2x2 recovery algorithm
[    4.611760] xor: automatically using best checksumming function   avx       
[    4.613624] async_tx: api initialized (async)
done.
Begin: Running /scripts/init-premount ... done.
Begin: Mounting root file system ... Begin: Running /scripts/local-top ... done.
Begin: Running /scripts/local-premount ... [    4.651221] Btrfs loaded, crc32c=crc32c-intel
Scanning for Btrfs filesystems
done.
Warning: fsck not present, so skipping root file system
[    4.699484] EXT4-fs (sda1): mounted filesystem with ordered data mode. Opts: (null)
done.
Begin: Running /scripts/local-bottom ... done.
Begin: Running /scripts/init-bottom ... done.
[    5.431062] ip_tables: (C) 2000-2006 Netfilter Core Team
[    5.540849] systemd[1]: systemd 237 running in system mode. (+PAM +AUDIT +SELINUX +IMA +APPARMOR +SMACK +SYSVINIT +UTMP +LIBCRYPTSETUP +GCRYPT +GNUTLS +ACL +XZ +LZ4 +SECCOMP +BLKID +ELFUTILS +KMOD -IDN2 +IDN -PCRE2 default-hierarchy=hybrid)
[    5.547311] systemd[1]: Detected virtualization oracle.
[    5.548957] systemd[1]: Detected architecture x86-64.

Welcome to [1mUbuntu 18.04.3 LTS[0m!

[    5.569922] systemd[1]: Set hostname to <ubuntu>.
[    5.612851] systemd[1]: Initializing machine ID from random generator.
[    5.614981] systemd[1]: Installed transient /etc/machine-id file.
[    7.702144] random: crng init done
[    7.707316] random: 7 urandom warning(s) missed due to ratelimiting
[    8.007909] systemd[1]: Created slice System Slice.
[[0;32m  OK  [0m] Created slice System Slice.
[    8.013481] systemd[1]: Listening on Syslog Socket.
[[0;32m  OK  [0m] Listening on Syslog Socket.
[    8.016149] systemd[1]: Started Forward Password Requests to Wall Directory Watch.
[[0;32m  OK  [0m] Started Forward Password Requests to Wall Directory Watch.
[    8.020121] systemd[1]: Listening on /dev/initctl Compatibility Named Pipe.
[[0;32m  OK  [0m] Listening on /dev/initctl Compatibility Named Pipe.
[[0;32m  OK  [0m] Created slice system-serial\x2dgetty.slice.
[[0;32m  OK  [0m] Listening on Device-mapper event daemon FIFOs.
[[0;32m  OK  [0m] Reached target System Time Synchronized.
[[0;32m  OK  [0m] Created slice User and Session Slice.
[[0;32m  OK  [0m] Reached target User and Group Name Lookups.
[[0;32m  OK  [0m] Listening on Journal Socket.
         Mounting POSIX Message Queue File System...
         Mounting Kernel Debug File System...
         Starting Uncomplicated firewall...
         Starting Load Kernel Modules...
         Starting Create list of required st…ce nodes for the current kernel...
         Starting Set the console keyboard layout...
         Starting Remount Root and Kernel File Systems...
[[0;32m  OK  [0m] Reached target Swap.
[[0;32m  OK  [0m] Reached target Slices.
[[0;32m  OK  [0m] Listening on Network Service Netlink Socket.
[[0;32m  OK  [0m] Listening on Journal Socket (/dev/log).
[[0;32m  OK  [0m] Set up automount Arbitrary Executab…rmats File System Automount Point.
[    8.121751] Loading iSCSI transport class v2.0-870.
[[0;32m  OK  [0m] Listening on LVM2 metadata daemon socket.
         Starting Monitoring of LVM2 mirrors…ng dmeventd or progress polling...
         Mounting Huge Pages File System...
[[0;32m  OK  [0m[    8.178741] EXT4-fs (sda1): re-mounted. Opts: (null)
] Listening on Journal Audit Socket.
         Starting Journal Service...
[[0;32m  OK  [0m] Listening on udev Kernel Socket.
[[0;32m  OK  [0m] Listening on udev Control Socket.
         Starting udev Coldplug all Devices...
[[0;32m  OK  [0m] Listening on LVM2 poll daemon socket.
[[0;32m  OK  [0m] Mounted POSIX Message Queue File System.
[[0;32m  OK  [0m] Mounted Kernel Debug File System.
[[    8.203843] iscsi: registered transport (tcp)
[0;32m  OK  [0m] Started Uncomplicated firewall.
[[0;32m  OK  [0m] Started Create list of required sta…vice nodes for the current kernel.
[[0;32m  OK  [0m] Started Remount Root and Kernel File Systems.
[[0;32m  OK  [0m] Mounted Huge Pages File System.
         Starting Load/Save Random Seed...
         Starting Create Static Device Nodes in /dev...
[[0;32m  OK  [0m] Started Journal Service.
         Starting Flush Journal to Persistent Storage...
[[0;32m  OK  [0m] Started Load/Save Random Seed.
[    8.381404] iscsi: registered transport (iser)
[[0;32m  OK  [0m] Started Load Kernel Modules.
         Mounting Kernel Configuration File System...
         Mounting FUSE Control File System...
         Starting Apply Kernel Variables...
[[0;32m  OK  [0m] Mounted Kernel Configuration File System.
[[0;32m  OK  [0m] Mounted FUSE Control File System.
[[0;32m  OK  [0m] Started Set the console keyboard layout.
[[0;32m  OK  [0m] Started udev Coldplug all Devices.
[    8.470175] systemd-journald[392]: Received request to flush runtime journal from PID 1
[[0;32m  OK  [0m] Started LVM2 metadata daemon.
[[0;32m  OK  [0m] Started Create Static Device Nodes in /dev.
         Starting udev Kernel Device Manager...
[[0;32m  OK  [0m] Started Apply Kernel Variables.
[[0;32m  OK  [0m] Started Flush Journal to Persistent Storage.
[[0;32m  OK  [0m] Started Monitoring of LVM2 mirrors,…sing dmeventd or progress polling.
[[0;32m  OK  [0m] Reached target Local File Systems (Pre).
[[0;32m  OK  [0m] Reached target Local File Systems.
         Starting ebtables ruleset management...
         Starting Set console font and keymap...
         Starting Tell Plymouth To Write Out Runtime Data...
         Starting AppArmor initialization...
         Starting Commit a transient machine-id on disk...
         Starting Create Volatile Files and Directories...
[[0;32m  OK  [0m] Started Set console font and keymap.
[[0;32m  OK  [0m] Started Tell Plymouth To Write Out Runtime Data.
[[0;32m  OK  [0m] Started udev Kernel Device Manager.
[[0;32m  OK  [0m] Started Dispatch Password Requests to Console Directory Watch.
[[0;32m  OK  [0m] Reached target Local Encrypted Volumes.
[[0;32m  OK  [0m] Started Create Volatile Files and Directories.
         Starting Update UTMP about System Boot/Shutdown...
[[0;32m  OK  [0m] Started Update UTMP about System Boot/Shutdown.
[[0;32m  OK  [0m] Started Commit a transient machine-id on disk.
[[0;32m  OK  [0m] Started ebtables ruleset management.
[[0;32m  OK  [0m] Found device /dev/ttyS0.
[[0;32m  OK  [0m] Listening on Load/Save RF Kill Switch Status /dev/rfkill Watch.
[[0;32m  OK  [0m] Started AppArmor initialization.
         Starting Initial cloud-init job (pre-networking)...
[   14.021979] cloud-init[509]: Cloud-init v. 19.3-41-gc4735dd3-0ubuntu1~18.04.1 running 'init-local' at Tue, 28 Jan 2020 08:56:23 +0000. Up 13.54 seconds.
[[0;32m  OK  [0m] Started Initial cloud-init job (pre-networking).
[[0;32m  OK  [0m] Reached target Network (Pre).
         Starting Network Service...
[[0;32m  OK  [0m] Started Network Service.
         Starting Network Name Resolution...
         Starting Wait for Network to be Configured...
[[0;32m  OK  [0m] Started Network Name Resolution.
[[0;32m  OK  [0m] Reached target Host and Network Name Lookups.
[[0;32m  OK  [0m] Reached target Network.
[[0;32m  OK  [0m] Started Wait for Network to be Configured.
         Starting Initial cloud-init job (metadata service crawler)...
[   16.229055] cloud-init[640]: Cloud-init v. 19.3-41-gc4735dd3-0ubuntu1~18.04.1 running 'init' at Tue, 28 Jan 2020 08:56:26 +0000. Up 16.09 seconds.
[   16.230168] cloud-init[640]: ci-info: ++++++++++++++++++++++++++++++++++++++Net device info++++++++++++++++++++++++++++++++++++++
[   16.231113] cloud-init[640]: ci-info: +--------+------+----------------------------+---------------+--------+-------------------+
[   16.231962] cloud-init[640]: ci-info: | Device |  Up  |          Address           |      Mask     | Scope  |     Hw-Address    |
[   16.232964] cloud-init[640]: ci-info: +--------+------+----------------------------+---------------+--------+-------------------+
[   16.233910] cloud-init[640]: ci-info: | enp0s3 | True |         10.0.2.15          | 255.255.255.0 | global | 02:6f:f9:1e:39:dc |
[   16.234902] cloud-init[640]: ci-info: | enp0s3 | True | fe80::6f:f9ff:fe1e:39dc/64 |       .       |  link  | 02:6f:f9:1e:39:dc |
[   16.235842] cloud-init[640]: ci-info: |   lo   | True |         127.0.0.1          |   255.0.0.0   |  host  |         .         |
[   16.236797] cloud-init[640]: ci-info: |   lo   | True |          ::1/128           |       .       |  host  |         .         |
[   16.237738] cloud-init[640]: ci-info: +--------+------+----------------------------+---------------+--------+-------------------+
[   16.238723] cloud-init[640]: ci-info: ++++++++++++++++++++++++++++Route IPv4 info+++++++++++++++++++++++++++++
[   16.239520] cloud-init[640]: ci-info: +-------+-------------+----------+-----------------+-----------+-------+
[   16.240416] cloud-init[640]: ci-info: | Route | Destination | Gateway  |     Genmask     | Interface | Flags |
[   16.241279] cloud-init[640]: ci-info: +-------+-------------+----------+-----------------+-----------+-------+
[   16.242136] cloud-init[640]: ci-info: |   0   |   0.0.0.0   | 10.0.2.2 |     0.0.0.0     |   enp0s3  |   UG  |
[   16.242996] cloud-init[640]: ci-info: |   1   |   10.0.2.0  | 0.0.0.0  |  255.255.255.0  |   enp0s3  |   U   |
[   16.243885] cloud-init[640]: ci-info: |   2   |   10.0.2.2  | 0.0.0.0  | 255.255.255.255 |   enp0s3  |   UH  |
[   16.244720] cloud-init[640]: ci-info: +-------+-------------+----------+-----------------+-----------+-------+
[   16.245544] cloud-init[640]: ci-info: +++++++++++++++++++Route IPv6 info+++++++++++++++++++
[   16.246252] cloud-init[640]: ci-info: +-------+-------------+---------+-----------+-------+
[   16.246943] cloud-init[640]: ci-info: | Route | Destination | Gateway | Interface | Flags |
[   16.247671] cloud-init[640]: ci-info: +-------+-------------+---------+-----------+-------+
[   16.248376] cloud-init[640]: ci-info: |   1   |  fe80::/64  |    ::   |   enp0s3  |   U   |
[   16.249095] cloud-init[640]: ci-info: |   3   |    local    |    ::   |   enp0s3  |   U   |
[   16.249786] cloud-init[640]: ci-info: |   4   |   ff00::/8  |    ::   |   enp0s3  |   U   |
[   16.250490] cloud-init[640]: ci-info: +-------+-------------+---------+-----------+-------+
[   18.198604] cloud-init[640]: Generating public/private rsa key pair.
[   18.199125] cloud-init[640]: Your identification has been saved in /etc/ssh/ssh_host_rsa_key.
[   18.199788] cloud-init[640]: Your public key has been saved in /etc/ssh/ssh_host_rsa_key.pub.
[   18.200459] cloud-init[640]: The key fingerprint is:
[   18.200855] cloud-init[640]: SHA256:UhQRpBX/t227MRfTrW9xV9SpmtnLWjr+QJCMlZIAxKo root@ubuntu-bionic
[   18.201540] cloud-init[640]: The key's randomart image is:
[   18.201972] cloud-init[640]: +---[RSA 2048]----+
[   18.202341] cloud-init[640]: |  oo....X*.     o|
[   18.202698] cloud-init[640]: |   .   *+o.    .o|
[   18.203086] cloud-init[640]: |  .   ..o+.   .. |
[   18.205881] cloud-init[640]: | .     .  .. .  +|
[   18.206292] cloud-init[640]: |.     . S  .* .o+|
[   18.206668] cloud-init[640]: |E      .  .+ o ==|
[   18.207213] cloud-init[640]: |           ...+oB|
[   18.207789] cloud-init[640]: |           .+o o*|
[   18.208333] cloud-init[640]: |          .++. +o|
[   18.208856] cloud-init[640]: +----[SHA256]-----+
[   18.209370] cloud-init[640]: Generating public/private dsa key pair.
[   18.210010] cloud-init[640]: Your identification has been saved in /etc/ssh/ssh_host_dsa_key.
[   18.210815] cloud-init[640]: Your public key has been saved in /etc/ssh/ssh_host_dsa_key.pub.
[   18.211667] cloud-init[640]: The key fingerprint is:
[   18.212262] cloud-init[640]: SHA256:CeT7ZrU2JtUSxtFABEtm85xv/zn6uxcjBsb2cqU3bTs root@ubuntu-bionic
[   18.213114] cloud-init[640]: The key's randomart image is:
[   18.213697] cloud-init[640]: +---[DSA 1024]----+
[   18.214217] cloud-init[640]: |      . *+=o     |
[   18.214735] cloud-init[640]: |     o + * o.    |
[   18.215256] cloud-init[640]: |      o . O      |
[   18.216093] cloud-init[640]: |       o o O   . |
[   18.216657] cloud-init[640]: |      . S * * o .|
[   18.217183] cloud-init[640]: |       . o = B =o|
[   18.217773] cloud-init[640]: |        = = + +.=|
[   18.218294] cloud-init[640]: |       o + .   Eo|
[   18.218833] cloud-init[640]: |             .o=B|
[   18.219363] cloud-init[640]: +----[SHA256]-----+
[   18.219925] cloud-init[640]: Generating public/private ecdsa key pair.
[   18.220617] cloud-init[640]: Your identification has been saved in /etc/ssh/ssh_host_ecdsa_key.
[   18.221444] cloud-init[640]: Your public key has been saved in /etc/ssh/ssh_host_ecdsa_key.pub.
[   18.222266] cloud-init[640]: The key fingerprint is:
[   18.222806] cloud-init[640]: SHA256:iJ1eEPfJSltC9U9YTDCi59QTRrKIWTSp0I3sI//8gWc root@ubuntu-bionic
[   18.223689] cloud-init[640]: The key's randomart image is:
[   18.224300] cloud-init[640]: +---[ECDSA 256]---+
[   18.224818] cloud-init[640]: |     o.+*o+.*+o  |
[   18.225335] cloud-init[640]: |    . +Bo* O =.  |
[   18.225846] cloud-init[640]: |     o+.= O = .  |
[   18.226359] cloud-init[640]: |    .o+= O   +   |
[   18.226873] cloud-init[640]: |    .o+.S .   .  |
[   18.227396] cloud-init[640]: |     ... .       |
[   18.227956] cloud-init[640]: |      .o. E      |
[   18.228506] cloud-init[640]: |        oo .     |
[   18.229068] cloud-init[640]: |         ..      |
[   18.229584] cloud-init[640]: +----[SHA256]-----+
[   18.230096] cloud-init[640]: Generating public/private ed25519 key pair.
[   18.230777] cloud-init[640]: Your identification has been saved in /etc/ssh/ssh_host_ed25519_key.
[   18.231665] cloud-init[640]: Your public key has been saved in /etc/ssh/ssh_host_ed25519_key.pub.
[   18.232555] cloud-init[640]: The key fingerprint is:
[   18.233110] cloud-init[640]: SHA256:O+ms3Lw/Ft664SAMkDWesVSaf9+A1hfuMbAlBrLeomA root@ubuntu-bionic
[   18.233956] cloud-init[640]: The key's randomart image is:
[   18.234533] cloud-init[640]: +--[ED25519 256]--+
[   18.235049] cloud-init[640]: |    =.o .        |
[   18.235582] cloud-init[640]: |   = B o .       |[[0;32m  OK  [0m] Started Initial cloud-init job (metadata service crawler).
[[0;32m  OK  [0m] Reached target System Initialization.

         Starting Socket activation for snappy daemon.
[   18.238832] cloud-init[640]: |  o * .   + o    |
[   18.239253] cloud-init[640]: |   . o . + * .   |
[   18.239837] cloud-init[640]: |  E . + S + =    |
[   18.240429] cloud-init[640]: | . . + + +.= o   |
[   18.241014] cloud-init[640]: |    . o =.ooo    |
[   18.241529] cloud-init[640]: |     . * ++..    |
[   18.241942] cloud-init[640]: |      o.*+=+     |
         Starting LXD - unix socket.
[[0;32m  OK  [0m] Started Daily Cleanup of Temporary Directories.
[[0;32m  OK  [0m] Listening on UUID daemon activation socket.
[[0;32m  OK  [0m] Listening on D-Bus System Message Bus Socket.
[[0;32m  OK  [0m] Started Message of the Day.
[[0;32m  OK  [0m] Listening on ACPID Listen Socket.
[[0;32m  OK  [0m] Listening on Open-iSCSI iscsid Socket.
[   18.242717] cloud-init[640]: +----[SHA256]-----+
[[0;32m  OK  [0m] Started ACPI Events Check.
[[0;32m  OK  [0m] Reached target Paths.
[[0;32m  OK  [0m] Started Daily apt download activities.
[[0;32m  OK  [0m] Started Daily apt upgrade and clean activities.
[[0;32m  OK  [0m] Started Discard unused blocks once a week.
[[0;32m  OK  [0m] Reached target Timers.
[[0;32m  OK  [0m] Reached target Cloud-config availability.
[[0;32m  OK  [0m] Reached target Network is Online.
[[0;32m  OK  [0m] Reached target Remote File Systems (Pre).
[[0;32m  OK  [0m] Reached target Remote File Systems.
         Starting Availability of block devices...
[[0;32m  OK  [0m] Listening on Socket activation for snappy daemon.
[[0;32m  OK  [0m] Listening on LXD - unix socket.
[[0;32m  OK  [0m] Reached target Sockets.
[[0;32m  OK  [0m] Reached target Basic System.
         Starting LSB: automatic crash report generation...
[[0;32m  OK  [0m] Started Deferred execution scheduler.
         Starting Dispatcher daemon for systemd-networkd...
[[0;32m  OK  [0m] Started irqbalance daemon.
         Starting Virtualbox guest utils...
[[0;32m  OK  [0m] Started Regular background program processing daemon.
         Starting LXD - container startup/shutdown...
         Starting Permit User Sessions...
[[0;32m  OK  [0m] Started D-Bus System Message Bus.
         Starting LSB: Record successful boot for GRUB...
         Starting Accounts Service...
         Starting Snappy daemon...
         Starting System Logging Service...
[[0;32m  OK  [0m] Started FUSE filesystem for LXC.
         Starting Pollinate to seed the pseudo random number generator...
         Starting Login Service...
[[0;32m  OK  [0m] Started Availability of block devices.
[[0;32m  OK  [0m] Started Permit User Sessions.
         Starting Hold until boot process finishes up...
         Starting Terminate Plymouth Boot Screen...
[[0;32m  OK  [0m] Started Hold until boot process finishes up.
[[0;32m  OK  [0m] Started Serial Getty on ttyS0.
         Starting Set console scheme...
[[0;32m  OK  [0m] Started Terminate Plymouth Boot Screen.
[[0;32m  OK  [0m] Started Login Service.
[[0;32m  OK  [0m] Started Unattended Upgrades Shutdown.
[[0;32m  OK  [0m] Started Set console scheme.
[[0;32m  OK  [0m] Created slice system-getty.slice.
[[0;32m  OK  [0m] Started Getty on tty1.
[[0;32m  OK  [0m] Reached target Login Prompts.
[[0;32m  OK  [0m] Started LSB: automatic crash report generation.
         Starting Authorization Manager...
[[0;32m  OK  [0m] Started System Logging Service.
[[0;32m  OK  [0m] Started Virtualbox guest utils.
[[0;32m  OK  [0m] Started LSB: Record successful boot for GRUB.
[[0;32m  OK  [0m] Started Authorization Manager.
[[0;32m  OK  [0m] Started Accounts Service.
[[0;32m  OK  [0m] Started Dispatcher daemon for systemd-networkd.
[[0;32m  OK  [0m] Started LXD - container startup/shutdown.
[[0;32m  OK  [0m] Started Snappy daemon.
         Starting Wait until snapd is fully seeded...
[[0;32m  OK  [0m] Started Pollinate to seed the pseudo random number generator.
         Starting OpenBSD Secure Shell server...
[[0;32m  OK  [0m] Started OpenBSD Secure Shell server.
[[0;32m  OK  [0m] Created slice User Slice of vagrant.
         Starting User Manager for UID 1000...
[[0;32m  OK  [0m] Started Session 1 of user vagrant.
[[0;32m  OK  [0m] Started User Manager for UID 1000.

Ubuntu 18.04.3 LTS ubuntu-bionic ttyS0

ubuntu-bionic login: [   25.769897] cloud-init[1322]: Cloud-init v. 19.3-41-gc4735dd3-0ubuntu1~18.04.1 running 'modules:config' at Tue, 28 Jan 2020 08:56:33 +0000. Up 24.03 seconds.
ci-info: no authorized ssh keys fingerprints found for user ubuntu.
<14>Jan 28 08:56:36 ec2: 
<14>Jan 28 08:56:36 ec2: #############################################################
<14>Jan 28 08:56:36 ec2: -----BEGIN SSH HOST KEY FINGERPRINTS-----
<14>Jan 28 08:56:36 ec2: 1024 SHA256:CeT7ZrU2JtUSxtFABEtm85xv/zn6uxcjBsb2cqU3bTs root@ubuntu-bionic (DSA)
<14>Jan 28 08:56:36 ec2: 256 SHA256:iJ1eEPfJSltC9U9YTDCi59QTRrKIWTSp0I3sI//8gWc root@ubuntu-bionic (ECDSA)
<14>Jan 28 08:56:36 ec2: 256 SHA256:O+ms3Lw/Ft664SAMkDWesVSaf9+A1hfuMbAlBrLeomA root@ubuntu-bionic (ED25519)
<14>Jan 28 08:56:36 ec2: 2048 SHA256:UhQRpBX/t227MRfTrW9xV9SpmtnLWjr+QJCMlZIAxKo root@ubuntu-bionic (RSA)
<14>Jan 28 08:56:36 ec2: -----END SSH HOST KEY FINGERPRINTS-----
<14>Jan 28 08:56:36 ec2: #############################################################
-----BEGIN SSH HOST KEY KEYS-----
ecdsa-sha2-nistp256 AAAAE2VjZHNhLXNoYTItbmlzdHAyNTYAAAAIbmlzdHAyNTYAAABBBMB/OkEAoA1EGFnI7mCFF7K60YOBdMeVZrlAQrmRgKFgVvLtq/KBBo82uX2ozNFNbi/dd9kEyTbu6NaCF+t5XaM= root@ubuntu-bionic
ssh-ed25519 AAAAC3NzaC1lZDI1NTE5AAAAIJV99BrTuCmV7CqX2uKQwFPlsGDjqZkIU8uNm6YsIqJM root@ubuntu-bionic
ssh-rsa AAAAB3NzaC1yc2EAAAADAQABAAABAQDpJF2L1rmioOX0GLrn0pCrZoieUQs7TrVGaHdfQYFhJw0dTRn5UeXhCwG+udcUrvs8D6Py8OtsiBOC3LG+vqRu/3IlD+PNoaW661dEoSaGlEFGVyD67LNRX1e0Pz586gbXpCUswhNf5hcBCZ3MEQK2HS/NP7mfz5453TL2TzPBjvfw3FoRUPvlkr+rokFMHW3ziTGTYGKh6lNyCYdDtSmC9QR324WZ8Xt9QU1cSxQoraEQFJ2oOJOHDhKIeSxSoXKIBDTWWxrAukVowzKuOAZIZIeTmxLhRDEYxHS0VfOlkYOZfJfWZuSfDBoC6ptT1iYeebg6tHBkvBHFiM7YuRxJ root@ubuntu-bionic
-----END SSH HOST KEY KEYS-----
[   26.219859] cloud-init[1469]: Cloud-init v. 19.3-41-gc4735dd3-0ubuntu1~18.04.1 running 'modules:final' at Tue, 28 Jan 2020 08:56:36 +0000. Up 26.08 seconds.
[   26.219951] cloud-init[1469]: ci-info: no authorized ssh keys fingerprints found for user ubuntu.
[   26.220364] cloud-init[1469]: Cloud-init v. 19.3-41-gc4735dd3-0ubuntu1~18.04.1 finished at Tue, 28 Jan 2020 08:56:36 +0000. Datasource DataSourceNoCloud [seed=/dev/sdb][dsmode=net].  Up 26.21 seconds
