[    0.000000] Linux version 4.15.0-74-generic (buildd@lcy01-amd64-022) (gcc version 7.4.0 (Ubuntu 7.4.0-1ubuntu1~18.04.1)) #84-Ubuntu SMP Thu Dec 19 08:06:28 UTC 2019 (Ubuntu 4.15.0-74.84-generic 4.15.18)
[    0.000000] Command line: BOOT_IMAGE=/boot/vmlinuz-4.15.0-74-generic root=LABEL=cloudimg-rootfs ro console=tty1 console=ttyS0
[    0.000000] KERNEL supported cpus:
[    0.000000]   Intel GenuineIntel
[    0.000000]   AMD AuthenticAMD
[    0.000000]   Centaur CentaurHauls
[    0.000000] x86/fpu: Supporting XSAVE feature 0x001: 'x87 floating point registers'
[    0.000000] x86/fpu: Supporting XSAVE feature 0x002: 'SSE registers'
[    0.000000] x86/fpu: Supporting XSAVE feature 0x004: 'AVX registers'
[    0.000000] x86/fpu: xstate_offset[2]:  576, xstate_sizes[2]:  256
[    0.000000] x86/fpu: Enabled xstate features 0x7, context size is 832 bytes, using 'standard' format.
[    0.000000] e820: BIOS-provided physical RAM map:
[    0.000000] BIOS-e820: [mem 0x0000000000000000-0x000000000009fbff] usable
[    0.000000] BIOS-e820: [mem 0x000000000009fc00-0x000000000009ffff] reserved
[    0.000000] BIOS-e820: [mem 0x00000000000f0000-0x00000000000fffff] reserved
[    0.000000] BIOS-e820: [mem 0x0000000000100000-0x000000003ffeffff] usable
[    0.000000] BIOS-e820: [mem 0x000000003fff0000-0x000000003fffffff] ACPI data
[    0.000000] BIOS-e820: [mem 0x00000000fec00000-0x00000000fec00fff] reserved
[    0.000000] BIOS-e820: [mem 0x00000000fee00000-0x00000000fee00fff] reserved
[    0.000000] BIOS-e820: [mem 0x00000000fffc0000-0x00000000ffffffff] reserved
[    0.000000] NX (Execute Disable) protection: active
[    0.000000] SMBIOS 2.5 present.
[    0.000000] DMI: innotek GmbH VirtualBox/VirtualBox, BIOS VirtualBox 12/01/2006
[    0.000000] Hypervisor detected: KVM
[    0.000000] e820: last_pfn = 0x3fff0 max_arch_pfn = 0x400000000
[    0.000000] MTRR: Disabled
[    0.000000] x86/PAT: MTRRs disabled, skipping PAT initialization too.
[    0.000000] CPU MTRRs all blank - virtualized system.
[    0.000000] x86/PAT: Configuration [0-7]: WB  WT  UC- UC  WB  WT  UC- UC  
[    0.000000] found SMP MP-table at [mem 0x0009fff0-0x0009ffff]
[    0.000000] Scanning 1 areas for low memory corruption
[    0.000000] RAMDISK: [mem 0x35a71000-0x36d2ffff]
[    0.000000] ACPI: Early table checksum verification disabled
[    0.000000] ACPI: RSDP 0x00000000000E0000 000024 (v02 VBOX  )
[    0.000000] ACPI: XSDT 0x000000003FFF0030 00003C (v01 VBOX   VBOXXSDT 00000001 ASL  00000061)
[    0.000000] ACPI: FACP 0x000000003FFF00F0 0000F4 (v04 VBOX   VBOXFACP 00000001 ASL  00000061)
[    0.000000] ACPI: DSDT 0x000000003FFF0470 0022E9 (v02 VBOX   VBOXBIOS 00000002 INTL 20180105)
[    0.000000] ACPI: FACS 0x000000003FFF0200 000040
[    0.000000] ACPI: FACS 0x000000003FFF0200 000040
[    0.000000] ACPI: APIC 0x000000003FFF0240 00005C (v02 VBOX   VBOXAPIC 00000001 ASL  00000061)
[    0.000000] ACPI: SSDT 0x000000003FFF02A0 0001CC (v01 VBOX   VBOXCPUT 00000002 INTL 20180105)
[    0.000000] No NUMA configuration found
[    0.000000] Faking a node at [mem 0x0000000000000000-0x000000003ffeffff]
[    0.000000] NODE_DATA(0) allocated [mem 0x3ffc5000-0x3ffeffff]
[    0.000000] kvm-clock: cpu 0, msr 0:3ff44001, primary cpu clock
[    0.000000] kvm-clock: Using msrs 4b564d01 and 4b564d00
[    0.000000] kvm-clock: using sched offset of 3415824616 cycles
[    0.000000] clocksource: kvm-clock: mask: 0xffffffffffffffff max_cycles: 0x1cd42e4dffb, max_idle_ns: 881590591483 ns
[    0.000000] Zone ranges:
[    0.000000]   DMA      [mem 0x0000000000001000-0x0000000000ffffff]
[    0.000000]   DMA32    [mem 0x0000000001000000-0x000000003ffeffff]
[    0.000000]   Normal   empty
[    0.000000]   Device   empty
[    0.000000] Movable zone start for each node
[    0.000000] Early memory node ranges
[    0.000000]   node   0: [mem 0x0000000000001000-0x000000000009efff]
[    0.000000]   node   0: [mem 0x0000000000100000-0x000000003ffeffff]
[    0.000000] Reserved but unavailable: 98 pages
[    0.000000] Initmem setup node 0 [mem 0x0000000000001000-0x000000003ffeffff]
[    0.000000] ACPI: PM-Timer IO Port: 0x4008
[    0.000000] IOAPIC[0]: apic_id 2, version 32, address 0xfec00000, GSI 0-23
[    0.000000] ACPI: INT_SRC_OVR (bus 0 bus_irq 0 global_irq 2 dfl dfl)
[    0.000000] ACPI: INT_SRC_OVR (bus 0 bus_irq 9 global_irq 9 low level)
[    0.000000] Using ACPI (MADT) for SMP configuration information
[    0.000000] smpboot: Allowing 2 CPUs, 0 hotplug CPUs
[    0.000000] PM: Registered nosave memory: [mem 0x00000000-0x00000fff]
[    0.000000] PM: Registered nosave memory: [mem 0x0009f000-0x0009ffff]
[    0.000000] PM: Registered nosave memory: [mem 0x000a0000-0x000effff]
[    0.000000] PM: Registered nosave memory: [mem 0x000f0000-0x000fffff]
[    0.000000] e820: [mem 0x40000000-0xfebfffff] available for PCI devices
[    0.000000] Booting paravirtualized kernel on KVM
[    0.000000] clocksource: refined-jiffies: mask: 0xffffffff max_cycles: 0xffffffff, max_idle_ns: 7645519600211568 ns
[    0.000000] random: get_random_bytes called from start_kernel+0x99/0x4fd with crng_init=0
[    0.000000] setup_percpu: NR_CPUS:8192 nr_cpumask_bits:2 nr_cpu_ids:2 nr_node_ids:1
[    0.000000] percpu: Embedded 45 pages/cpu s147456 r8192 d28672 u1048576
[    0.000000] PV qspinlock hash table entries: 256 (order: 0, 4096 bytes)
[    0.000000] Built 1 zonelists, mobility grouping on.  Total pages: 257913
[    0.000000] Policy zone: DMA32
[    0.000000] Kernel command line: BOOT_IMAGE=/boot/vmlinuz-4.15.0-74-generic root=LABEL=cloudimg-rootfs ro console=tty1 console=ttyS0
[    0.000000] Memory: 983084K/1048120K available (12300K kernel code, 2481K rwdata, 4260K rodata, 2428K init, 2704K bss, 65036K reserved, 0K cma-reserved)
[    0.000000] SLUB: HWalign=64, Order=0-3, MinObjects=0, CPUs=2, Nodes=1
[    0.000000] Kernel/User page tables isolation: enabled
[    0.000000] ftrace: allocating 39322 entries in 154 pages
[    0.004000] Hierarchical RCU implementation.
[    0.004000] 	RCU restricting CPUs from NR_CPUS=8192 to nr_cpu_ids=2.
[    0.004000] 	Tasks RCU enabled.
[    0.004000] RCU: Adjusting geometry for rcu_fanout_leaf=16, nr_cpu_ids=2
[    0.004000] NR_IRQS: 524544, nr_irqs: 440, preallocated irqs: 16
[    0.004000] Console: colour VGA+ 80x25
[    0.004000] console [tty1] enabled
[    0.004000] console [ttyS0] enabled
[    0.004000] ACPI: Core revision 20170831
[    0.004000] ACPI: 2 ACPI AML tables successfully acquired and loaded
[    0.004000] APIC: Switch to symmetric I/O mode setup
[    0.004000] x2apic enabled
[    0.004000] Switched APIC routing to physical x2apic.
[    0.004000] ..TIMER: vector=0x30 apic1=0 pin1=2 apic2=-1 pin2=-1
[    0.004000] tsc: Detected 3326.420 MHz processor
[    0.004000] Calibrating delay loop (skipped) preset value.. 6652.84 BogoMIPS (lpj=13305680)
[    0.004003] pid_max: default: 32768 minimum: 301
[    0.004619] Security Framework initialized
[    0.005143] Yama: becoming mindful.
[    0.005619] AppArmor: AppArmor initialized
[    0.006599] Dentry cache hash table entries: 131072 (order: 8, 1048576 bytes)
[    0.008041] Inode-cache hash table entries: 65536 (order: 7, 524288 bytes)
[    0.008856] Mount-cache hash table entries: 2048 (order: 2, 16384 bytes)
[    0.009642] Mountpoint-cache hash table entries: 2048 (order: 2, 16384 bytes)
[    0.010692] Last level iTLB entries: 4KB 128, 2MB 8, 4MB 8
[    0.011357] Last level dTLB entries: 4KB 64, 2MB 0, 4MB 0, 1GB 4
[    0.012002] Spectre V1 : Mitigation: usercopy/swapgs barriers and __user pointer sanitization
[    0.013009] Spectre V2 : Mitigation: Full generic retpoline
[    0.013682] Spectre V2 : Spectre v2 / SpectreRSB mitigation: Filling RSB on context switch
[    0.014657] Speculative Store Bypass: Vulnerable
[    0.015266] MDS: Mitigation: Clear CPU buffers
[    0.015941] Freeing SMP alternatives memory: 36K
[    0.123425] APIC calibration not consistent with PM-Timer: 97ms instead of 100ms
[    0.124000] APIC delta adjusted to PM-Timer: 6249990 (6077133)
[    0.124039] smpboot: CPU0: Intel(R) Core(TM) i5-7500 CPU @ 3.40GHz (family: 0x6, model: 0x9e, stepping: 0x9)
[    0.125221] Performance Events: unsupported p6 CPU model 158 no PMU driver, software events only.
[    0.126310] Hierarchical SRCU implementation.
[    0.127352] NMI watchdog: Perf event create on CPU 0 failed with -2
[    0.128000] NMI watchdog: Perf NMI watchdog permanently disabled
[    0.128032] smp: Bringing up secondary CPUs ...
[    0.128672] x86: Booting SMP configuration:
[    0.129222] .... node  #0, CPUs:      #1
[    0.004000] kvm-clock: cpu 1, msr 0:3ff44041, secondary cpu clock
[    0.134602] smp: Brought up 1 node, 2 CPUs
[    0.134602] smpboot: Max logical packages: 1
[    0.134602] smpboot: Total of 2 processors activated (13305.68 BogoMIPS)
[    0.136092] devtmpfs: initialized
[    0.136463] x86/mm: Memory block size: 128MB
[    0.137081] evm: security.selinux
[    0.137496] evm: security.SMACK64
[    0.137908] evm: security.SMACK64EXEC
[    0.138354] evm: security.SMACK64TRANSMUTE
[    0.138843] evm: security.SMACK64MMAP
[    0.139321] evm: security.apparmor
[    0.140002] evm: security.ima
[    0.140381] evm: security.capability
[    0.140844] clocksource: jiffies: mask: 0xffffffff max_cycles: 0xffffffff, max_idle_ns: 7645041785100000 ns
[    0.141110] futex hash table entries: 512 (order: 3, 32768 bytes)
[    0.142151] pinctrl core: initialized pinctrl subsystem
[    0.144077] RTC time: 10:37:04, date: 01/22/20
[    0.144706] NET: Registered protocol family 16
[    0.145288] audit: initializing netlink subsys (disabled)
[    0.145930] audit: type=2000 audit(1579689429.154:1): state=initialized audit_enabled=0 res=1
[    0.145930] cpuidle: using governor ladder
[    0.145930] cpuidle: using governor menu
[    0.148034] ACPI: bus type PCI registered
[    0.148523] acpiphp: ACPI Hot Plug PCI Controller Driver version: 0.5
[    0.149349] PCI: Using configuration type 1 for base access
[    0.150025] HugeTLB registered 2.00 MiB page size, pre-allocated 0 pages
[    0.150025] ACPI: Added _OSI(Module Device)
[    0.152003] ACPI: Added _OSI(Processor Device)
[    0.152531] ACPI: Added _OSI(3.0 _SCP Extensions)
[    0.153085] ACPI: Added _OSI(Processor Aggregator Device)
[    0.153711] ACPI: Added _OSI(Linux-Dell-Video)
[    0.154237] ACPI: Added _OSI(Linux-Lenovo-NV-HDMI-Audio)
[    0.154850] ACPI: Added _OSI(Linux-HPI-Hybrid-Graphics)
[    0.156040] ACPI: Executed 1 blocks of module-level executable AML code
[    0.159266] ACPI: Interpreter enabled
[    0.159769] ACPI: (supports S0 S5)
[    0.160002] ACPI: Using IOAPIC for interrupt routing
[    0.160754] PCI: Using host bridge windows from ACPI; if necessary, use "pci=nocrs" and report a bug
[    0.161918] ACPI: Enabled 2 GPEs in block 00 to 07
[    0.166795] ACPI: PCI Root Bridge [PCI0] (domain 0000 [bus 00-ff])
[    0.167507] acpi PNP0A03:00: _OSC: OS supports [ASPM ClockPM Segments MSI]
[    0.168393] acpi PNP0A03:00: _OSC: not requesting OS control; OS requires [ExtendedConfig ASPM ClockPM MSI]
[    0.169504] acpi PNP0A03:00: fail to add MMCONFIG information, can't access extended PCI configuration space under this bridge.
[    0.171019] PCI host bridge to bus 0000:00
[    0.171536] pci_bus 0000:00: root bus resource [io  0x0000-0x0cf7 window]
[    0.172002] pci_bus 0000:00: root bus resource [io  0x0d00-0xffff window]
[    0.172769] pci_bus 0000:00: root bus resource [mem 0x000a0000-0x000bffff window]
[    0.173678] pci_bus 0000:00: root bus resource [mem 0x40000000-0xfdffffff window]
[    0.174554] pci_bus 0000:00: root bus resource [bus 00-ff]
[    0.176880] pci 0000:00:01.1: legacy IDE quirk: reg 0x10: [io  0x01f0-0x01f7]
[    0.177682] pci 0000:00:01.1: legacy IDE quirk: reg 0x14: [io  0x03f6]
[    0.178419] pci 0000:00:01.1: legacy IDE quirk: reg 0x18: [io  0x0170-0x0177]
[    0.179226] pci 0000:00:01.1: legacy IDE quirk: reg 0x1c: [io  0x0376]
[    0.190269] pci 0000:00:07.0: quirk: [io  0x4000-0x403f] claimed by PIIX4 ACPI
[    0.191207] pci 0000:00:07.0: quirk: [io  0x4100-0x410f] claimed by PIIX4 SMB
[    0.195580] ACPI: PCI Interrupt Link [LNKA] (IRQs 5 9 10 *11)
[    0.196233] ACPI: PCI Interrupt Link [LNKB] (IRQs 5 9 *10 11)
[    0.196974] ACPI: PCI Interrupt Link [LNKC] (IRQs 5 *9 10 11)
[    0.197764] ACPI: PCI Interrupt Link [LNKD] (IRQs 5 9 10 *11)
[    0.198727] SCSI subsystem initialized
[    0.199229] pci 0000:00:02.0: vgaarb: setting as boot VGA device
[    0.199229] pci 0000:00:02.0: vgaarb: VGA device added: decodes=io+mem,owns=io+mem,locks=none
[    0.200008] pci 0000:00:02.0: vgaarb: bridge control possible
[    0.200671] vgaarb: loaded
[    0.201041] ACPI: bus type USB registered
[    0.201542] usbcore: registered new interface driver usbfs
[    0.202182] usbcore: registered new interface driver hub
[    0.202838] usbcore: registered new device driver usb
[    0.204035] EDAC MC: Ver: 3.0.0
[    0.204556] PCI: Using ACPI for IRQ routing
[    0.204715] NetLabel: Initializing
[    0.205144] NetLabel:  domain hash size = 128
[    0.205662] NetLabel:  protocols = UNLABELED CIPSOv4 CALIPSO
[    0.206322] NetLabel:  unlabeled traffic allowed by default
[    0.208058] clocksource: Switched to clocksource kvm-clock
[    0.216670] VFS: Disk quotas dquot_6.6.0
[    0.217231] VFS: Dquot-cache hash table entries: 512 (order 0, 4096 bytes)
[    0.218077] AppArmor: AppArmor Filesystem Enabled
[    0.218657] pnp: PnP ACPI init
[    0.219775] pnp: PnP ACPI: found 3 devices
[    0.227478] clocksource: acpi_pm: mask: 0xffffff max_cycles: 0xffffff, max_idle_ns: 2085701024 ns
[    0.228580] NET: Registered protocol family 2
[    0.229234] TCP established hash table entries: 8192 (order: 4, 65536 bytes)
[    0.230040] TCP bind hash table entries: 8192 (order: 5, 131072 bytes)
[    0.231091] TCP: Hash tables configured (established 8192 bind 8192)
[    0.232060] UDP hash table entries: 512 (order: 2, 16384 bytes)
[    0.232762] UDP-Lite hash table entries: 512 (order: 2, 16384 bytes)
[    0.233508] NET: Registered protocol family 1
[    0.234041] pci 0000:00:00.0: Limiting direct PCI/PCI transfers
[    0.234736] pci 0000:00:01.0: Activating ISA DMA hang workarounds
[    0.235464] pci 0000:00:02.0: Video device with shadowed ROM at [mem 0x000c0000-0x000dffff]
[    0.236546] Unpacking initramfs...
[    0.443428] Freeing initrd memory: 19196K
[    0.444085] clocksource: tsc: mask: 0xffffffffffffffff max_cycles: 0x2ff2cab36fa, max_idle_ns: 440795334826 ns
[    0.445322] platform rtc_cmos: registered platform RTC device (no PNP device found)
[    0.446263] Scanning for low memory corruption every 60 seconds
[    0.448440] Initialise system trusted keyrings
[    0.448984] Key type blacklist registered
[    0.449514] workingset: timestamp_bits=36 max_order=18 bucket_order=0
[    0.450981] zbud: loaded
[    0.451699] squashfs: version 4.0 (2009/01/31) Phillip Lougher
[    0.452512] fuse init (API version 7.26)
[    0.454437] Key type asymmetric registered
[    0.454934] Asymmetric key parser 'x509' registered
[    0.455527] Block layer SCSI generic (bsg) driver version 0.4 loaded (major 246)
[    0.456450] io scheduler noop registered
[    0.456927] io scheduler deadline registered
[    0.457488] io scheduler cfq registered (default)
[    0.458239] ACPI: AC Adapter [AC] (on-line)
[    0.458779] input: Power Button as /devices/LNXSYSTM:00/LNXPWRBN:00/input/input0
[    0.459682] ACPI: Power Button [PWRF]
[    0.460189] input: Sleep Button as /devices/LNXSYSTM:00/LNXSLPBN:00/input/input1
[    0.461061] ACPI: Sleep Button [SLPF]
[    0.462785] Serial: 8250/16550 driver, 32 ports, IRQ sharing enabled
[    0.484515] 00:02: ttyS0 at I/O 0x3f8 (irq = 4, base_baud = 115200) is a 16550A
[    0.487114] Linux agpgart interface v0.103
[    0.488657] loop: module loaded
[    0.489422] scsi host0: ata_piix
[    0.489910] scsi host1: ata_piix
[    0.490370] ata1: PATA max UDMA/33 cmd 0x1f0 ctl 0x3f6 bmdma 0xd000 irq 14
[    0.491144] ata2: PATA max UDMA/33 cmd 0x170 ctl 0x376 bmdma 0xd008 irq 15
[    0.492205] libphy: Fixed MDIO Bus: probed
[    0.492725] tun: Universal TUN/TAP device driver, 1.6
[    0.493360] PPP generic driver version 2.4.2
[    0.493923] ehci_hcd: USB 2.0 'Enhanced' Host Controller (EHCI) Driver
[    0.494698] ehci-pci: EHCI PCI platform driver
[    0.495235] ehci-platform: EHCI generic platform driver
[    0.495849] ohci_hcd: USB 1.1 'Open' Host Controller (OHCI) Driver
[    0.496582] ohci-pci: OHCI PCI platform driver
[    0.497118] ohci-platform: OHCI generic platform driver
[    0.497760] uhci_hcd: USB Universal Host Controller Interface driver
[    0.498546] i8042: PNP: PS/2 Controller [PNP0303:PS2K,PNP0f03:PS2M] at 0x60,0x64 irq 1,12
[    0.499863] serio: i8042 KBD port at 0x60,0x64 irq 1
[    0.500489] serio: i8042 AUX port at 0x60,0x64 irq 12
[    0.501176] mousedev: PS/2 mouse device common for all mice
[    0.502197] input: AT Translated Set 2 keyboard as /devices/platform/i8042/serio0/input/input2
[    0.503394] rtc_cmos rtc_cmos: rtc core: registered rtc_cmos as rtc0
[    0.504168] rtc_cmos rtc_cmos: alarms up to one day, 114 bytes nvram
[    0.504896] i2c /dev entries driver
[    0.505362] device-mapper: uevent: version 1.0.3
[    0.505971] device-mapper: ioctl: 4.37.0-ioctl (2017-09-20) initialised: dm-devel@redhat.com
[    0.507004] ledtrig-cpu: registered to indicate activity on CPUs
[    0.507950] NET: Registered protocol family 10
[    0.511105] Segment Routing with IPv6
[    0.511577] NET: Registered protocol family 17
[    0.512177] Key type dns_resolver registered
[    0.512816] mce: Using 0 MCE banks
[    0.513250] RAS: Correctable Errors collector initialized.
[    0.513890] sched_clock: Marking stable (512796645, 0)->(638705500, -125908855)
[    0.515025] registered taskstats version 1
[    0.515525] Loading compiled-in X.509 certificates
[    0.517700] Loaded X.509 cert 'Build time autogenerated kernel key: 62d24f9c726e026b112735485dad6e6e4b50c923'
[    0.518865] zswap: loaded using pool lzo/zbud
[    0.521847] Key type big_key registered
[    0.522321] Key type trusted registered
[    0.523956] Key type encrypted registered
[    0.524472] AppArmor: AppArmor sha1 policy hashing enabled
[    0.525109] ima: No TPM chip found, activating TPM-bypass! (rc=-19)
[    0.525818] ima: Allocated hash algorithm: sha1
[    0.526363] evm: HMAC attrs: 0x1
[    0.526928]   Magic number: 4:263:629
[    0.527446] rtc_cmos rtc_cmos: setting system clock to 2020-01-22 10:37:05 UTC (1579689425)
[    0.528490] BIOS EDD facility v0.16 2004-Jun-25, 0 devices found
[    0.529177] EDD information not available.
[    0.661380] Freeing unused kernel image memory: 2428K
[    0.668312] Write protecting the kernel read-only data: 20480k
[    0.671624] Freeing unused kernel image memory: 2008K
[    0.674246] Freeing unused kernel image memory: 1884K
[    0.688884] x86/mm: Checked W+X mappings: passed, no W+X pages found.
[    0.690972] x86/mm: Checking user space page tables
[    0.701339] x86/mm: Checked W+X mappings: passed, no W+X pages found.
Loading, please wait...
starting version 237
[    0.757757] Fusion MPT base driver 3.04.20
[    0.758416] Copyright (c) 1999-2008 LSI Corporation
[    0.769241] Fusion MPT SPI Host driver 3.04.20
[    0.770998] e1000: Intel(R) PRO/1000 Network Driver - version 7.3.21-k8-NAPI
[    0.771990] e1000: Copyright (c) 1999-2006 Intel Corporation.
[    0.773015] AVX2 version of gcm_enc/dec engaged.
[    0.773639] AES CTR mode by8 optimization enabled
[    0.776302] mptbase: ioc0: Initiating bringup
[    0.877109] ioc0: LSI53C1030 A0: Capabilities={Initiator}
[    0.967925] input: ImExPS/2 Generic Explorer Mouse as /devices/platform/i8042/serio1/input/input4
[    1.126343] scsi host2: ioc0: LSI53C1030 A0, FwRev=00000000h, Ports=1, MaxQ=256, IRQ=20
[    1.297287] scsi 2:0:0:0: Direct-Access     VBOX     HARDDISK         1.0  PQ: 0 ANSI: 5
[    1.332516] scsi target2:0:0: Beginning Domain Validation
[    1.337399] scsi target2:0:0: Domain Validation skipping write tests
[    1.338178] scsi target2:0:0: Ending Domain Validation
[    1.338907] scsi target2:0:0: asynchronous
[    1.339720] scsi 2:0:1:0: Direct-Access     VBOX     HARDDISK         1.0  PQ: 0 ANSI: 5
[    1.612438] scsi target2:0:1: Beginning Domain Validation
[    1.614556] random: fast init done
[    1.614558] scsi target2:0:1: Domain Validation skipping write tests
[    1.615777] scsi target2:0:1: Ending Domain Validation
[    1.616464] scsi target2:0:1: asynchronous
[    1.619439] random: systemd-udevd: uninitialized urandom read (16 bytes read)
[    1.619487] sd 2:0:0:0: Attached scsi generic sg0 type 0
[    1.620394] sd 2:0:0:0: [sda] 20971520 512-byte logical blocks: (10.7 GB/10.0 GiB)
[    1.621061] sd 2:0:1:0: Attached scsi generic sg1 type 0
[    1.621868] sd 2:0:0:0: [sda] Write Protect is off
[    1.623157] sd 2:0:0:0: [sda] Incomplete mode parameter data
[    1.623863] sd 2:0:0:0: [sda] Assuming drive cache: write through
[    1.623872] sd 2:0:1:0: [sdb] 20480 512-byte logical blocks: (10.5 MB/10.0 MiB)
[    1.624654] random: systemd-udevd: uninitialized urandom read (16 bytes read)
[    1.626410] random: systemd-udevd: uninitialized urandom read (16 bytes read)
[    1.626414] sd 2:0:1:0: [sdb] Write Protect is off
[    1.627984] sd 2:0:1:0: [sdb] Incomplete mode parameter data
[    1.628858] sd 2:0:1:0: [sdb] Assuming drive cache: write through
[    1.651208] e1000 0000:00:03.0 eth0: (PCI:33MHz:32-bit) 02:6d:68:ec:b8:1e
[    1.652011] e1000 0000:00:03.0 eth0: Intel(R) PRO/1000 Network Connection
[    1.653654] e1000 0000:00:03.0 enp0s3: renamed from eth0
[    1.680630]  sda: sda1
[    1.681711] sd 2:0:0:0: [sda] Attached SCSI disk
[    1.695566] sd 2:0:1:0: [sdb] Attached SCSI disk
Begin: Loading essential drivers ... [    3.124938] raid6: sse2x1   gen() 14249 MB/s
[    3.176161] raid6: sse2x1   xor() 10249 MB/s
[    3.227361] raid6: sse2x2   gen() 17033 MB/s
[    3.278615] raid6: sse2x2   xor() 11281 MB/s
[    3.329798] raid6: sse2x4   gen() 20987 MB/s
[    3.381014] raid6: sse2x4   xor() 12343 MB/s
[    3.432267] raid6: avx2x1   gen() 28101 MB/s
[    3.480303] raid6: avx2x1   xor() 17812 MB/s
[    3.528374] raid6: avx2x2   gen() 32110 MB/s
[    3.576194] raid6: avx2x2   xor() 19392 MB/s
[    3.626901] raid6: avx2x4   gen() 38362 MB/s
[    3.678136] raid6: avx2x4   xor() 23213 MB/s
[    3.679180] raid6: using algorithm avx2x4 gen() 38362 MB/s
[    3.680403] raid6: .... xor() 23213 MB/s, rmw enabled
[    3.681522] raid6: using avx2x2 recovery algorithm
[    3.683626] xor: automatically using best checksumming function   avx       
[    3.686690] async_tx: api initialized (async)
done.
Begin: Running /scripts/init-premount ... done.
Begin: Mounting root file system ... Begin: Running /scripts/local-top ... done.
Begin: Running /scripts/local-premount ... [    3.729591] Btrfs loaded, crc32c=crc32c-intel
Scanning for Btrfs filesystems
done.
Warning: fsck not present, so skipping root file system
[    3.815815] EXT4-fs (sda1): mounted filesystem with ordered data mode. Opts: (null)
done.
Begin: Running /scripts/local-bottom ... done.
Begin: Running /scripts/init-bottom ... done.
[    4.570663] ip_tables: (C) 2000-2006 Netfilter Core Team
[    4.655294] systemd[1]: systemd 237 running in system mode. (+PAM +AUDIT +SELINUX +IMA +APPARMOR +SMACK +SYSVINIT +UTMP +LIBCRYPTSETUP +GCRYPT +GNUTLS +ACL +XZ +LZ4 +SECCOMP +BLKID +ELFUTILS +KMOD -IDN2 +IDN -PCRE2 default-hierarchy=hybrid)
[    4.661944] systemd[1]: Detected virtualization oracle.
[    4.662643] systemd[1]: Detected architecture x86-64.

Welcome to [1mUbuntu 18.04.3 LTS[0m!

[    4.679892] systemd[1]: Set hostname to <ubuntu>.
[    4.712823] systemd[1]: Initializing machine ID from random generator.
[    4.714206] systemd[1]: Installed transient /etc/machine-id file.
[    5.657436] random: crng init done
[    5.658017] random: 7 urandom warning(s) missed due to ratelimiting
[    5.662355] systemd[1]: Reached target User and Group Name Lookups.
[[0;32m  OK  [0m] Reached target User and Group Name Lookups.
[    5.663939] systemd[1]: Set up automount Arbitrary Executable File Formats File System Automount Point.
[[0;32m  OK  [0m] Set up automount Arbitrary Executab…rmats File System Automount Point.
[    5.667199] systemd[1]: Created slice System Slice.
[[0;32m  OK  [0m] Created slice System Slice.
[    5.668319] systemd[1]: Listening on LVM2 metadata daemon socket.
[[0;32m  OK  [0m] Listening on LVM2 metadata daemon socket.
[[0;32m  OK  [0m] Listening on Network Service Netlink Socket.
[[0;32m  OK  [0m] Listening on Journal Socket (/dev/log).
[[0;32m  OK  [0m] Listening on Device-mapper event daemon FIFOs.
[[0;32m  OK  [0m] Created slice system-serial\x2dgetty.slice.
[[0;32m  OK  [0m] Listening on /dev/initctl Compatibility Named Pipe.
[[0;32m  OK  [0m] Listening on udev Control Socket.
[[0;32m  OK  [0m] Listening on Syslog Socket.
[[0;32m  OK  [0m] Reached target Swap.
[[0;32m  OK  [0m] Listening on Journal Audit Socket.
[[0;32m  OK  [0m] Created slice User and Session Slice.
[[0;32m  OK  [0m] Reached target Slices.
[[0;32m  OK  [0m] Listening on LVM2 poll daemon socket.
[[0;32m  OK  [0m] Listening on udev Kernel Socket.
[[0;32m  OK  [0m] Listening on Journal Socket.
         Starting Uncomplicated firewall...
         Starting Monitoring of LVM2 mirrors…ng dmeventd or progress polling...
         Starting Set the console keyboard layout...
         Mounting POSIX Message Queue File System...
         Starting Load Kernel Modules...
         Starting udev Coldplug all Devices...
[[0;32m  OK  [0m] Started Forward Password Requests to Wall Directory Watch.
         Mounting Kernel Debug File System...
         Starting Create list of required st…ce nodes for the current kernel...
         Mounting Huge Pages File System...
         Starting Remount Root and Kernel File Systems...
         Starting Journal Service...
[[0;32m  OK  [0m] Reached target System Time Synchronized.
[[0;32m  OK  [0m] Started Uncomplicated firewall.
[[0;32m  OK  [0m] Mounted POSIX Message Queue File System.
[[0;32m  OK  [0m] Mounted Kernel Debug File System.
[[0;32m  OK  [0m] Started Create list of required sta…vice nodes for the current kernel.
[[0;32m  OK  [0m] Mounted Huge Pages File System.
[[0;32m  OK  [0m] Started LVM2 metadata daemon.
         Starting Create Static Device Nodes in /dev...
[[0;32m  OK  [0m] Started udev Coldplug all Devices.
[    6.004437] EXT4-fs (sda1): re-mounted. Opts: (null)
[[0;32m  OK  [0m] Started Remount Root and Kernel File Systems.
         Starting Load/Save Random Seed...
[[0;32m  OK  [0m] Started Journal Service.
         Starting Flush Journal to Persistent Storage...
[    6.166029] Loading iSCSI transport class v2.0-870.
[[0;32m  OK  [0m] Started Create Static Device Nodes in /dev.
         Starting udev Kernel Device Manager...
[[0;32m  OK  [0m] Started Load/Save Random Seed.
[    6.273067] systemd-journald[393]: Received request to flush runtime journal from PID 1
[[0;32m  OK  [0m] Started Monitoring of LVM2 mirrors,…sing dmeventd or progress polling.
[    6.473808] iscsi: registered transport (tcp)
[[0;32m  OK  [0m] Started udev Kernel Device Manager.
[[0;32m  OK  [0m] Started Flush Journal to Persistent Storage.
[    6.664812] iscsi: registered transport (iser)
[[0;32m  OK  [0m] Started Load Kernel Modules.
         Mounting Kernel Configuration File System...
         Mounting FUSE Control File System...
         Starting Apply Kernel Variables...
[[0;32m  OK  [0m] Mounted Kernel Configuration File System.
[[0;32m  OK  [0m] Mounted FUSE Control File System.
[[0;32m  OK  [0m] Started Apply Kernel Variables.
[[0;32m  OK  [0m] Found device /dev/ttyS0.
[[0;32m  OK  [0m] Listening on Load/Save RF Kill Switch Status /dev/rfkill Watch.
[[0;32m  OK  [0m] Started Set the console keyboard layout.
[[0;32m  OK  [0m] Started Dispatch Password Requests to Console Directory Watch.
[[0;32m  OK  [0m] Reached target Local Encrypted Volumes.
[[0;32m  OK  [0m] Reached target Local File Systems (Pre).
[[0;32m  OK  [0m] Reached target Local File Systems.
         Starting Set console font and keymap...
         Starting Commit a transient machine-id on disk...
         Starting Create Volatile Files and Directories...
         Starting Tell Plymouth To Write Out Runtime Data...
         Starting ebtables ruleset management...
         Starting AppArmor initialization...
[[0;32m  OK  [0m] Started Set console font and keymap.
[[0;32m  OK  [0m] Started Tell Plymouth To Write Out Runtime Data.
[[0;32m  OK  [0m] Started Create Volatile Files and Directories.
         Starting Update UTMP about System Boot/Shutdown...
[[0;32m  OK  [0m] Started Update UTMP about System Boot/Shutdown.
[[0;32m  OK  [0m] Started Commit a transient machine-id on disk.
[[0;32m  OK  [0m] Started ebtables ruleset management.
[[0;32m  OK  [0m] Started AppArmor initialization.
         Starting Initial cloud-init job (pre-networking)...
[   11.508889] cloud-init[672]: Cloud-init v. 19.3-41-gc4735dd3-0ubuntu1~18.04.1 running 'init-local' at Wed, 22 Jan 2020 10:37:16 +0000. Up 11.08 seconds.
[[0;32m  OK  [0m] Started Initial cloud-init job (pre-networking).
[[0;32m  OK  [0m] Reached target Network (Pre).
         Starting Network Service...
[[0;32m  OK  [0m] Started Network Service.
         Starting Wait for Network to be Configured...
         Starting Network Name Resolution...
[[0;32m  OK  [0m] Started Network Name Resolution.
[[0;32m  OK  [0m] Reached target Network.
[[0;32m  OK  [0m] Reached target Host and Network Name Lookups.
[[0;32m  OK  [0m] Started Wait for Network to be Configured.
         Starting Initial cloud-init job (metadata service crawler)...
[   13.418309] cloud-init[795]: Cloud-init v. 19.3-41-gc4735dd3-0ubuntu1~18.04.1 running 'init' at Wed, 22 Jan 2020 10:37:18 +0000. Up 13.24 seconds.
[   13.419528] cloud-init[795]: ci-info: ++++++++++++++++++++++++++++++++++++++Net device info++++++++++++++++++++++++++++++++++++++
[   13.420599] cloud-init[795]: ci-info: +--------+------+----------------------------+---------------+--------+-------------------+
[   13.421661] cloud-init[795]: ci-info: | Device |  Up  |          Address           |      Mask     | Scope  |     Hw-Address    |
[   13.422709] cloud-init[795]: ci-info: +--------+------+----------------------------+---------------+--------+-------------------+
[   13.423754] cloud-init[795]: ci-info: | enp0s3 | True |         10.0.2.15          | 255.255.255.0 | global | 02:6d:68:ec:b8:1e |
[   13.424822] cloud-init[795]: ci-info: | enp0s3 | True | fe80::6d:68ff:feec:b81e/64 |       .       |  link  | 02:6d:68:ec:b8:1e |
[   13.425886] cloud-init[795]: ci-info: |   lo   | True |         127.0.0.1          |   255.0.0.0   |  host  |         .         |
[   13.426977] cloud-init[795]: ci-info: |   lo   | True |          ::1/128           |       .       |  host  |         .         |
[   13.428060] cloud-init[795]: ci-info: +--------+------+----------------------------+---------------+--------+-------------------+
[   13.429149] cloud-init[795]: ci-info: ++++++++++++++++++++++++++++Route IPv4 info+++++++++++++++++++++++++++++
[   13.430104] cloud-init[795]: ci-info: +-------+-------------+----------+-----------------+-----------+-------+
[   13.431054] cloud-init[795]: ci-info: | Route | Destination | Gateway  |     Genmask     | Interface | Flags |
[   13.432039] cloud-init[795]: ci-info: +-------+-------------+----------+-----------------+-----------+-------+
[   13.433110] cloud-init[795]: ci-info: |   0   |   0.0.0.0   | 10.0.2.2 |     0.0.0.0     |   enp0s3  |   UG  |
[   13.434089] cloud-init[795]: ci-info: |   1   |   10.0.2.0  | 0.0.0.0  |  255.255.255.0  |   enp0s3  |   U   |
[   13.435030] cloud-init[795]: ci-info: |   2   |   10.0.2.2  | 0.0.0.0  | 255.255.255.255 |   enp0s3  |   UH  |
[   13.435974] cloud-init[795]: ci-info: +-------+-------------+----------+-----------------+-----------+-------+
[   13.436949] cloud-init[795]: ci-info: +++++++++++++++++++Route IPv6 info+++++++++++++++++++
[   13.437613] cloud-init[795]: ci-info: +-------+-------------+---------+-----------+-------+
[   13.438330] cloud-init[795]: ci-info: | Route | Destination | Gateway | Interface | Flags |
[   13.438898] cloud-init[795]: ci-info: +-------+-------------+---------+-----------+-------+
[   13.439506] cloud-init[795]: ci-info: |   1   |  fe80::/64  |    ::   |   enp0s3  |   U   |
[   13.440238] cloud-init[795]: ci-info: |   3   |    local    |    ::   |   enp0s3  |   U   |
[   13.441070] cloud-init[795]: ci-info: |   4   |   ff00::/8  |    ::   |   enp0s3  |   U   |
[   13.441884] cloud-init[795]: ci-info: +-------+-------------+---------+-----------+-------+
[   14.989591] cloud-init[795]: Generating public/private rsa key pair.
[   14.992848] cloud-init[795]: Your identification has been saved in /etc/ssh/ssh_host_rsa_key.
[   14.993823] cloud-init[795]: Your public key has been saved in /etc/ssh/ssh_host_rsa_key.pub.
[   14.995501] cloud-init[795]: The key fingerprint is:
[   14.995989] cloud-init[795]: SHA256:raZ7jyzO5QnHy7px7DeFXaLN5nA2pCIeegUqJvG4vBU root@ubuntu-bionic
[   14.996938] cloud-init[795]: The key's randomart image is:
[   14.997560] cloud-init[795]: +---[RSA 2048]----+
[   14.998107] cloud-init[795]: |                 |
[   14.998645] cloud-init[795]: |                 |
[   14.999191] cloud-init[795]: |                 |
[   14.999726] cloud-init[795]: |.     .  .  o .  |
[   15.000286] cloud-init[795]: | + E . .S .O o   |
[   15.000824] cloud-init[795]: |o + o ooo.= X    |
[   15.001364] cloud-init[795]: |.+ o oo+O. B .   |
[   15.001896] cloud-init[795]: |... ..+&.+o .    |
[   15.002426] cloud-init[795]: | ..  oB*Oo..     |
[   15.002963] cloud-init[795]: +----[SHA256]-----+
[   15.003495] cloud-init[795]: Generating public/private dsa key pair.
[   15.004204] cloud-init[795]: Your identification has been saved in /etc/ssh/ssh_host_dsa_key.
[   15.005040] cloud-init[795]: Your public key has been saved in /etc/ssh/ssh_host_dsa_key.pub.
[   15.005877] cloud-init[795]: The key fingerprint is:
[   15.006431] cloud-init[795]: SHA256:zA72gx0ddqeOSdMU1mC+TiZu8F68m4BaAe0vsgrxIZk root@ubuntu-bionic
[   15.007308] cloud-init[795]: The key's randomart image is:
[   15.007910] cloud-init[795]: +---[DSA 1024]----+
[   15.008475] cloud-init[795]: |            =o   |
[   15.009004] cloud-init[795]: |       .   + ..  |
[   15.009550] cloud-init[795]: |      . . o + .  |
[   15.010096] cloud-init[795]: |   o   = o = +   |
[   15.010674] cloud-init[795]: |  E . o S = *    |
[   15.011173] cloud-init[795]: |   + o * X @     |
[   15.011666] cloud-init[795]: |  . . o O O =    |
[   15.012249] cloud-init[795]: |   .   = = o o   |
[   15.012797] cloud-init[795]: |    ..o   . +.   |
[   15.013160] cloud-init[795]: +----[SHA256]-----+
[   15.013700] cloud-init[795]: Generating public/private ecdsa key pair.
[   15.014795] cloud-init[795]: Your identification has been saved in /etc/ssh/ssh_host_ecdsa_key.
[   15.016088] cloud-init[795]: Your public key has been saved in /etc/ssh/ssh_host_ecdsa_key.pub.
[   15.017298] cloud-init[795]: The key fingerprint is:
[   15.028398] cloud-init[795]: SHA256:yRzPFxvS7J+6XJIcrl3S4/hc6cst0/VcYqyZnmG01yo root@ubuntu-bionic[
[0;32m  OK  [0m] Started Initial cloud-init job (metadata service crawler).
[[0;32m  OK  [0m] Reached target Network is Online.
[   15.029557] cloud-init[795]: The key's randomart image is:
[   15.029929] cloud-init[795]: +---[ECDSA 256]---+
[   15.030358] cloud-init[795]: |                 |
         Starting Availability of block devices...
[[0;32m  OK  [0m] Reached target Remote File Systems (Pre).
[[0;32m  OK  [0m] Reached target Remote File Systems.
[[0;32m  OK  [0m] Reached target Cloud-config availability.
[[0;32m  OK  [0m] Reached target System Initialization.
[[0;32m  OK  [0m] Started Daily Cleanup of Temporary Directories.
[[0;32m  OK  [0m] Started Message of the Day.
[   15.040408] cloud-init[795]: |           o     |
[[0;32m  OK  [0m] Listening on Open-iSCSI iscsid Socket.
[   15.043817] cloud-init[795]: |        . . =    |
[   15.044886] cloud-init[795]: |       o = o +   |
[   15.056320] cloud-init[795]: |        S o *.   |
[[0;32m  OK  [0m] Started ACPI Events Check.
[   15.057186] cloud-init[795]: |           = *+o+|
[   15.057710] cloud-init[795]: |            X=O=*|
[   15.058631] cloud-init[795]: |           =E&=+=|
[   15.059398] cloud-init[795]: |          ..O+=*o|
         Starting LXD - unix socket.
[[0;32m  OK  [0m] Listening on UUID daemon activation socket.
         Starting Socket activation for snappy daemon.
[[0;32m  OK  [0m] Reached target Paths.
[[0;32m  OK  [0m] Listening on ACPID Listen Socket.
[   15.063555] cloud-init[795]: [[0;32m  OK  [0m] Started Discard unused blocks once a week.
+----[SHA256]-----+
[[0;32m  OK  [0m] Started Daily apt download activities.
[[0;32m  OK  [0m] Started Daily apt upgrade and clean activities.
[[0;32m  OK  [0m] Reached target Timers.
[[0;32m  OK  [0m] Listening on D-Bus System Message Bus Socket.
[   15.065056] cloud-init[795]: Generating public/private ed25519 key pair.
[   15.067710] cloud-init[795]: Your identification has been saved in /etc/ssh/ssh_host_ed25519_key.[[0;32m  OK  [0m] Started Availability of block devices.
[[0;32m  OK  [0m] Listening on LXD - unix socket.
[[0;32m  OK  [0m] Listening on Socket activation for snappy daemon.

[   15.071675] cloud-init[795]: Your public key has been saved in /etc/ssh/ssh_host_ed25519_key.pub.
[   15.072959] cloud-init[795]: The key fingerprint is:
[   15.073500] cloud-init[795]: SHA256:ALfKrPTbNjsv6OTtMkb5sLmrykUr2+gNz/Znb55IScY root@ubuntu-bionic
[   15.074307] cloud-init[795]: The key's randomart image is:
[   15.074878] cloud-init[795]: +--[ED25519 256]--+
[   15.075428] cloud-init[795]: |    . .          |
[[0;32m  OK  [0m] Reached target Sockets.
[[0;32m  OK  [0m] Reached target Basic System.
[   15.076266] cloud-init[795]: |     o .         |
[   15.077097] cloud-init[795]: |      o          |
[   15.077607] cloud-init[795]: |   o ...         |
[   15.078128] cloud-init[795]: |  ..+. ES        |
[   15.079646] cloud-init[795]: | ..o= o .        |
[   15.080394] cloud-init[795]: | o.+o* o         |
[   15.080992] cloud-init[795]: |. @+B+Bo...      |
[   15.081689] cloud-init[795]: |o*oOBOBB=+       |
[   15.082210] cloud-init[795]: +----[SHA256]-----+
[[0;32m  OK  [0m] Started Regular background program processing daemon.
[[0;32m  OK  [0m] Started Deferred execution scheduler.
         Starting Dispatcher daemon for systemd-networkd...
         Starting LSB: Record successful boot for GRUB...
         Starting Pollinate to seed the pseudo random number generator...
         Starting Permit User Sessions...
[[0;32m  OK  [0m] Started irqbalance daemon.
[[0;32m  OK  [0m] Started FUSE filesystem for LXC.
[[0;32m  OK  [0m] Started D-Bus System Message Bus.
         Starting Virtualbox guest utils...
         Starting Login Service...
         Starting LSB: automatic crash report generation...
         Starting LXD - container startup/shutdown...
         Starting Snappy daemon...
         Starting System Logging Service...
         Starting Accounts Service...
[[0;32m  OK  [0m] Started Permit User Sessions.
         Starting Terminate Plymouth Boot Screen...
         Starting Hold until boot process finishes up...
[[0;32m  OK  [0m] Started Hold until boot process finishes up.
[[0;32m  OK  [0m] Started Serial Getty on ttyS0.
         Starting Set console scheme...
[[0;32m  OK  [0m] Started Terminate Plymouth Boot Screen.
[[0;32m  OK  [0m] Started Set console scheme.
[[0;32m  OK  [0m] Created slice system-getty.slice.
[[0;32m  OK  [0m] Started Getty on tty1.
[[0;32m  OK  [0m] Reached target Login Prompts.
[[0;32m  OK  [0m] Started Login Service.
[[0;32m  OK  [0m] Started Unattended Upgrades Shutdown.
[[0;32m  OK  [0m] Started LSB: Record successful boot for GRUB.
[[0;32m  OK  [0m] Started LSB: automatic crash report generation.
[[0;32m  OK  [0m] Started System Logging Service.
         Starting Authorization Manager...
[[0;32m  OK  [0m] Started Authorization Manager.
[[0;32m  OK  [0m] Started Accounts Service.
[[0;32m  OK  [0m] Started Virtualbox guest utils.
[[0;32m  OK  [0m] Started Dispatcher daemon for systemd-networkd.
[[0;32m  OK  [0m] Started LXD - container startup/shutdown.
[[0;32m  OK  [0m] Started Snappy daemon.
         Starting Wait until snapd is fully seeded...
[[0;32m  OK  [0m] Started Pollinate to seed the pseudo random number generator.
         Starting OpenBSD Secure Shell server...
[[0;32m  OK  [0m] Started OpenBSD Secure Shell server.
[[0;32m  OK  [0m] Created slice User Slice of vagrant.
         Starting User Manager for UID 1000...
[[0;32m  OK  [0m] Started Session 1 of user vagrant.
[[0;32m  OK  [0m] Started User Manager for UID 1000.

Ubuntu 18.04.3 LTS ubuntu-bionic ttyS0

ubuntu-bionic login: [   22.374985] cloud-init[1504]: Cloud-init v. 19.3-41-gc4735dd3-0ubuntu1~18.04.1 running 'modules:config' at Wed, 22 Jan 2020 10:37:26 +0000. Up 21.43 seconds.
ci-info: no authorized ssh keys fingerprints found for user ubuntu.
<14>Jan 22 10:37:27 ec2: 
<14>Jan 22 10:37:27 ec2: #############################################################
<14>Jan 22 10:37:27 ec2: -----BEGIN SSH HOST KEY FINGERPRINTS-----
<14>Jan 22 10:37:27 ec2: 1024 SHA256:zA72gx0ddqeOSdMU1mC+TiZu8F68m4BaAe0vsgrxIZk root@ubuntu-bionic (DSA)
<14>Jan 22 10:37:27 ec2: 256 SHA256:yRzPFxvS7J+6XJIcrl3S4/hc6cst0/VcYqyZnmG01yo root@ubuntu-bionic (ECDSA)
<14>Jan 22 10:37:27 ec2: 256 SHA256:ALfKrPTbNjsv6OTtMkb5sLmrykUr2+gNz/Znb55IScY root@ubuntu-bionic (ED25519)
<14>Jan 22 10:37:27 ec2: 2048 SHA256:raZ7jyzO5QnHy7px7DeFXaLN5nA2pCIeegUqJvG4vBU root@ubuntu-bionic (RSA)
<14>Jan 22 10:37:27 ec2: -----END SSH HOST KEY FINGERPRINTS-----
<14>Jan 22 10:37:27 ec2: #############################################################
-----BEGIN SSH HOST KEY KEYS-----
ecdsa-sha2-nistp256 AAAAE2VjZHNhLXNoYTItbmlzdHAyNTYAAAAIbmlzdHAyNTYAAABBBPBNFR0T487gvhSegNJt7dM9pnXGFEKO3LWezPManF+PI2tEtRfiO683gzqP3SglPZYUD9zYn9PPRWTESIbfrNc= root@ubuntu-bionic
ssh-ed25519 AAAAC3NzaC1lZDI1NTE5AAAAIPOA/MUs1dDTEzz1V+8qa6VbGpy2cS8M6BkdSmdJwaH3 root@ubuntu-bionic
ssh-rsa AAAAB3NzaC1yc2EAAAADAQABAAABAQCvv06lY0RsCDC048mBjguU7QsUybDNU7761WqzR5EuBZviSyNtUCoLrU1TdnocMXsBAWIjDhxljKrujMiw6ZO38Omv9MLjXz072dUgQgHFJHdskBJdy6Jor6ozAq4LZlvdGjABryjTyk9SrAcb7bXm/sgEC+uNEwYRB9QwHvbAmkU7i2/G5GFZNAo61FCOJ8LdIEyz7JjpYq+vE/9XbN7UfcF0XmN6AhFb7fUw2ffk57F26hg7yZ2spNxZC+LtQhHCyeedewpzZMm5SrbnZzLivv/0ZGS7oUao9LY4aqkUEsOq6lRjnkyhvab55AcreWOLRZ8tOUwJM71kaKur0UMV root@ubuntu-bionic
-----END SSH HOST KEY KEYS-----
[   22.839068] cloud-init[1611]: Cloud-init v. 19.3-41-gc4735dd3-0ubuntu1~18.04.1 running 'modules:final' at Wed, 22 Jan 2020 10:37:27 +0000. Up 22.70 seconds.
[   22.840233] cloud-init[1611]: ci-info: no authorized ssh keys fingerprints found for user ubuntu.
[   22.841057] cloud-init[1611]: Cloud-init v. 19.3-41-gc4735dd3-0ubuntu1~18.04.1 finished at Wed, 22 Jan 2020 10:37:27 +0000. Datasource DataSourceNoCloud [seed=/dev/sdb][dsmode=net].  Up 22.83 seconds
